#! /usr/bin/vvp
:ivl_version "10.3 (stable)";
:ivl_delay_selection "TYPICAL";
:vpi_time_precision + 0;
:vpi_module "system";
:vpi_module "vhdl_sys";
:vpi_module "v2005_math";
:vpi_module "va_math";
S_0x561cb14cac00 .scope module, "tb" "tb" 2 1;
 .timescale 0 0;
v0x561cb15b13a0_0 .net *"_s0", 31 0, L_0x561cb15b6cf0;  1 drivers
v0x561cb15b1460_0 .net *"_s10", 32 0, L_0x561cb15c7240;  1 drivers
L_0x7f65de1e39a8 .functor BUFT 1, C4<0000000000000000000000000000>, C4<0>, C4<0>, C4<0>;
v0x561cb15b1540_0 .net *"_s13", 27 0, L_0x7f65de1e39a8;  1 drivers
L_0x7f65de1e39f0 .functor BUFT 1, C4<000000000000000000000000000000001>, C4<0>, C4<0>, C4<0>;
v0x561cb15b1600_0 .net/2u *"_s14", 32 0, L_0x7f65de1e39f0;  1 drivers
v0x561cb15b16e0_0 .net *"_s16", 32 0, L_0x561cb15c7360;  1 drivers
L_0x7f65de1e3a38 .functor BUFT 1, C4<00000000>, C4<0>, C4<0>, C4<0>;
v0x561cb15b17c0_0 .net/2u *"_s18", 7 0, L_0x7f65de1e3a38;  1 drivers
v0x561cb15b18a0_0 .net *"_s22", 31 0, L_0x561cb15c76c0;  1 drivers
L_0x7f65de1e3a80 .functor BUFT 1, C4<0000000000000000000000000000000>, C4<0>, C4<0>, C4<0>;
v0x561cb15b1980_0 .net *"_s25", 30 0, L_0x7f65de1e3a80;  1 drivers
L_0x7f65de1e3ac8 .functor BUFT 1, C4<00000000000000000000000000000001>, C4<0>, C4<0>, C4<0>;
v0x561cb15b1a60_0 .net/2u *"_s26", 31 0, L_0x7f65de1e3ac8;  1 drivers
v0x561cb15b1bd0_0 .net *"_s28", 0 0, L_0x561cb15c7800;  1 drivers
L_0x7f65de1e3918 .functor BUFT 1, C4<0000000000000000000000000000000>, C4<0>, C4<0>, C4<0>;
v0x561cb15b1c90_0 .net *"_s3", 30 0, L_0x7f65de1e3918;  1 drivers
v0x561cb15b1d70_0 .net *"_s30", 7 0, L_0x561cb15c7990;  1 drivers
v0x561cb15b1e50_0 .net *"_s32", 32 0, L_0x561cb15c7a30;  1 drivers
L_0x7f65de1e3b10 .functor BUFT 1, C4<0000000000000000000000000000>, C4<0>, C4<0>, C4<0>;
v0x561cb15b1f30_0 .net *"_s35", 27 0, L_0x7f65de1e3b10;  1 drivers
L_0x7f65de1e3b58 .functor BUFT 1, C4<000000000000000000000000000000001>, C4<0>, C4<0>, C4<0>;
v0x561cb15b1ff0_0 .net/2u *"_s36", 32 0, L_0x7f65de1e3b58;  1 drivers
v0x561cb15b2090_0 .net *"_s38", 32 0, L_0x561cb15c7b80;  1 drivers
L_0x7f65de1e3960 .functor BUFT 1, C4<00000000000000000000000000000001>, C4<0>, C4<0>, C4<0>;
v0x561cb15b2130_0 .net/2u *"_s4", 31 0, L_0x7f65de1e3960;  1 drivers
L_0x7f65de1e3ba0 .functor BUFT 1, C4<00000000>, C4<0>, C4<0>, C4<0>;
v0x561cb15b21d0_0 .net/2u *"_s40", 7 0, L_0x7f65de1e3ba0;  1 drivers
v0x561cb15b2270_0 .net *"_s6", 0 0, L_0x561cb15c7060;  1 drivers
v0x561cb15b2310_0 .net *"_s8", 7 0, L_0x561cb15c71a0;  1 drivers
v0x561cb15b23b0_0 .var "add_A_cnt", 4 0;
v0x561cb15b2450_0 .var "clk", 0 0;
v0x561cb15b24f0_0 .net "data_in_A", 7 0, L_0x561cb15c74f0;  1 drivers
v0x561cb15b2590_0 .net "data_in_B", 7 0, L_0x561cb15c7d10;  1 drivers
v0x561cb15b2630_0 .var "data_valid", 0 0;
v0x561cb15b26d0_0 .net "done", 0 0, v0x561cb159d420_0;  1 drivers
v0x561cb15b2770_0 .var/i "file", 31 0;
v0x561cb15b2830_0 .var/i "i", 31 0;
v0x561cb15b2910_0 .var/i "j", 31 0;
v0x561cb15b29f0 .array "matrix_A", 0 15, 7 0;
v0x561cb15b2ab0 .array "matrix_B", 0 15, 7 0;
v0x561cb15b2b70 .array "matrix_C", 0 15, 7 0;
v0x561cb15b2c30_0 .net "read_data", 0 0, v0x561cb159d860_0;  1 drivers
v0x561cb15b2f30_0 .var "read_reg", 0 0;
v0x561cb15b2ff0_0 .var "rst_n", 0 0;
v0x561cb15b3090_0 .var "start_compute", 0 0;
E_0x561cb14ed060 .event edge, v0x561cb159d420_0;
L_0x561cb15b6cf0 .concat [ 1 31 0 0], v0x561cb15b2f30_0, L_0x7f65de1e3918;
L_0x561cb15c7060 .cmp/eq 32, L_0x561cb15b6cf0, L_0x7f65de1e3960;
L_0x561cb15c71a0 .array/port v0x561cb15b29f0, L_0x561cb15c7360;
L_0x561cb15c7240 .concat [ 5 28 0 0], v0x561cb15b23b0_0, L_0x7f65de1e39a8;
L_0x561cb15c7360 .arith/sub 33, L_0x561cb15c7240, L_0x7f65de1e39f0;
L_0x561cb15c74f0 .functor MUXZ 8, L_0x7f65de1e3a38, L_0x561cb15c71a0, L_0x561cb15c7060, C4<>;
L_0x561cb15c76c0 .concat [ 1 31 0 0], v0x561cb15b2f30_0, L_0x7f65de1e3a80;
L_0x561cb15c7800 .cmp/eq 32, L_0x561cb15c76c0, L_0x7f65de1e3ac8;
L_0x561cb15c7990 .array/port v0x561cb15b2ab0, L_0x561cb15c7b80;
L_0x561cb15c7a30 .concat [ 5 28 0 0], v0x561cb15b23b0_0, L_0x7f65de1e3b10;
L_0x561cb15c7b80 .arith/sub 33, L_0x561cb15c7a30, L_0x7f65de1e3b58;
L_0x561cb15c7d10 .functor MUXZ 8, L_0x7f65de1e3ba0, L_0x561cb15c7990, L_0x561cb15c7800, C4<>;
S_0x561cb15796d0 .scope module, "top" "TOP" 2 13, 3 1 0, S_0x561cb14cac00;
 .timescale 0 0;
    .port_info 0 /INPUT 1 "clk"
    .port_info 1 /INPUT 1 "rst_n"
    .port_info 2 /INPUT 1 "data_valid"
    .port_info 3 /INPUT 1 "start_compute"
    .port_info 4 /INPUT 8 "data_in_A"
    .port_info 5 /INPUT 8 "data_in_B"
    .port_info 6 /OUTPUT 1 "done"
    .port_info 7 /OUTPUT 1 "read_data"
P_0x561cb14c87a0 .param/l "BUFFER_SIZE" 0 3 1, +C4<00000000000000000000000000000100>;
P_0x561cb14c87e0 .param/l "DATA_WIDTH" 0 3 1, +C4<00000000000000000000000000001000>;
P_0x561cb14c8820 .param/l "HEIGHT" 0 3 1, +C4<00000000000000000000000000000100>;
P_0x561cb14c8860 .param/l "K_SIZE" 0 3 1, +C4<00000000000000000000000000000100>;
P_0x561cb14c88a0 .param/l "M_SIZE" 0 3 1, +C4<00000000000000000000000000000100>;
P_0x561cb14c88e0 .param/l "N_SIZE" 0 3 1, +C4<00000000000000000000000000000100>;
P_0x561cb14c8920 .param/l "WIDTH" 0 3 1, +C4<00000000000000000000000000000100>;
v0x561cb15addc0_0 .net "B_pe00", 7 0, v0x561cb159eac0_0;  1 drivers
v0x561cb15adea0_0 .net "B_pe01", 7 0, v0x561cb159f980_0;  1 drivers
v0x561cb15adfb0_0 .net "B_pe02", 7 0, v0x561cb15a0840_0;  1 drivers
v0x561cb15ae0a0_0 .net "B_pe03", 7 0, v0x561cb15a17d0_0;  1 drivers
v0x561cb15ae1b0_0 .net "B_pe10", 7 0, v0x561cb15a2760_0;  1 drivers
v0x561cb15ae310_0 .net "B_pe11", 7 0, v0x561cb15a3700_0;  1 drivers
v0x561cb15ae420_0 .net "B_pe12", 7 0, v0x561cb15a46a0_0;  1 drivers
v0x561cb15ae530_0 .net "B_pe13", 7 0, v0x561cb15a56c0_0;  1 drivers
v0x561cb15ae640_0 .net "B_pe20", 7 0, v0x561cb15a6860_0;  1 drivers
v0x561cb15ae790_0 .net "B_pe21", 7 0, v0x561cb15a77e0_0;  1 drivers
v0x561cb15ae8a0_0 .net "B_pe22", 7 0, v0x561cb15a8760_0;  1 drivers
v0x561cb15ae9b0_0 .net "B_pe23", 7 0, v0x561cb15a9700_0;  1 drivers
v0x561cb15aeac0_0 .net "R_pe00", 7 0, v0x561cb159ee10_0;  1 drivers
v0x561cb15aebd0_0 .net "R_pe01", 7 0, v0x561cb159fcd0_0;  1 drivers
v0x561cb15aece0_0 .net "R_pe02", 7 0, v0x561cb15a0b90_0;  1 drivers
v0x561cb15aedf0_0 .net "R_pe10", 7 0, v0x561cb15a2ab0_0;  1 drivers
v0x561cb15aef00_0 .net "R_pe11", 7 0, v0x561cb15a3a50_0;  1 drivers
v0x561cb15af010_0 .net "R_pe12", 7 0, v0x561cb15a49f0_0;  1 drivers
v0x561cb15af120_0 .net "R_pe20", 7 0, v0x561cb15a6bb0_0;  1 drivers
v0x561cb15af230_0 .net "R_pe21", 7 0, v0x561cb15a7b30_0;  1 drivers
v0x561cb15af340_0 .net "R_pe22", 7 0, v0x561cb15a8ab0_0;  1 drivers
v0x561cb15af450_0 .net "R_pe30", 7 0, v0x561cb15aa9e0_0;  1 drivers
v0x561cb15af560_0 .net "R_pe31", 7 0, v0x561cb15ab9a0_0;  1 drivers
v0x561cb15af670_0 .net "R_pe32", 7 0, v0x561cb15ac920_0;  1 drivers
v0x561cb15af780_0 .net "bf_to_pe_1", 7 0, v0x561cb153b170_0;  1 drivers
v0x561cb15af890_0 .net "bf_to_pe_2", 7 0, v0x561cb1597f50_0;  1 drivers
v0x561cb15af9a0_0 .net "bf_to_pe_3", 7 0, v0x561cb1598950_0;  1 drivers
v0x561cb15afab0_0 .net "bf_to_pe_4", 7 0, v0x561cb15992f0_0;  1 drivers
v0x561cb15afbc0_0 .net "bf_to_pe_5", 7 0, v0x561cb1599cc0_0;  1 drivers
v0x561cb15afcd0_0 .net "bf_to_pe_6", 7 0, v0x561cb159a6b0_0;  1 drivers
v0x561cb15afde0_0 .net "bf_to_pe_7", 7 0, v0x561cb159b120_0;  1 drivers
v0x561cb15afef0_0 .net "bf_to_pe_8", 7 0, v0x561cb159bb30_0;  1 drivers
v0x561cb15b0000_0 .net "clk", 0 0, v0x561cb15b2450_0;  1 drivers
v0x561cb15b02b0_0 .net "data_in_A", 7 0, L_0x561cb15c74f0;  alias, 1 drivers
v0x561cb15b0370_0 .net "data_in_B", 7 0, L_0x561cb15c7d10;  alias, 1 drivers
v0x561cb15b04c0_0 .net "data_valid", 0 0, v0x561cb15b2630_0;  1 drivers
v0x561cb15b0560_0 .net "done", 0 0, v0x561cb159d420_0;  alias, 1 drivers
v0x561cb15b0600_0 .net "in_valid_1", 0 0, L_0x561cb15b3130;  1 drivers
v0x561cb15b06a0_0 .net "in_valid_2", 0 0, L_0x561cb15b3270;  1 drivers
v0x561cb15b0740_0 .net "in_valid_3", 0 0, L_0x561cb15b3360;  1 drivers
v0x561cb15b07e0_0 .net "in_valid_4", 0 0, L_0x561cb15b3450;  1 drivers
v0x561cb15b0880_0 .net "in_valid_5", 0 0, L_0x561cb15b34f0;  1 drivers
v0x561cb15b0920_0 .net "in_valid_6", 0 0, L_0x561cb15b3630;  1 drivers
v0x561cb15b09c0_0 .net "in_valid_7", 0 0, L_0x561cb15b3760;  1 drivers
v0x561cb15b0a60_0 .net "in_valid_8", 0 0, L_0x561cb15b38e0;  1 drivers
v0x561cb15b0b00_0 .net "in_valid_A", 3 0, v0x561cb159d4e0_0;  1 drivers
v0x561cb15b0ba0_0 .net "in_valid_B", 3 0, v0x561cb159d5c0_0;  1 drivers
v0x561cb15b0c40_0 .net "read_data", 0 0, v0x561cb159d860_0;  alias, 1 drivers
v0x561cb15b0ce0_0 .net "rst_n", 0 0, v0x561cb15b2ff0_0;  1 drivers
v0x561cb15b0d80_0 .net "set_reg_path_1", 0 0, v0x561cb159dad0_0;  1 drivers
v0x561cb15b0e20_0 .net "set_reg_path_2", 0 0, v0x561cb159dca0_0;  1 drivers
v0x561cb15b0ec0_0 .net "set_reg_path_3", 0 0, v0x561cb159dd60_0;  1 drivers
v0x561cb15b0ff0_0 .net "set_reg_path_4", 0 0, v0x561cb159de20_0;  1 drivers
v0x561cb15b1090_0 .net "set_reg_path_5", 0 0, v0x561cb159dee0_0;  1 drivers
v0x561cb15b11c0_0 .net "set_reg_path_6", 0 0, v0x561cb159dfa0_0;  1 drivers
v0x561cb15b1260_0 .net "set_reg_path_7", 0 0, v0x561cb159e060_0;  1 drivers
v0x561cb15b1300_0 .net "start_compute", 0 0, v0x561cb15b3090_0;  1 drivers
L_0x561cb15b3130 .part v0x561cb159d4e0_0, 3, 1;
L_0x561cb15b3270 .part v0x561cb159d4e0_0, 2, 1;
L_0x561cb15b3360 .part v0x561cb159d4e0_0, 1, 1;
L_0x561cb15b3450 .part v0x561cb159d4e0_0, 0, 1;
L_0x561cb15b34f0 .part v0x561cb159d5c0_0, 3, 1;
L_0x561cb15b3630 .part v0x561cb159d5c0_0, 2, 1;
L_0x561cb15b3760 .part v0x561cb159d5c0_0, 1, 1;
L_0x561cb15b38e0 .part v0x561cb159d5c0_0, 0, 1;
S_0x561cb1576b70 .scope module, "buffer_row_A1" "BUFFER" 3 97, 4 1 0, S_0x561cb15796d0;
 .timescale 0 0;
    .port_info 0 /INPUT 1 "clk"
    .port_info 1 /INPUT 1 "rst_n"
    .port_info 2 /INPUT 1 "in_valid"
    .port_info 3 /INPUT 8 "data_in"
    .port_info 4 /OUTPUT 8 "data_out"
P_0x561cb1579e70 .param/l "BUFFER_SIZE" 0 4 1, +C4<00000000000000000000000000000100>;
P_0x561cb1579eb0 .param/l "DATA_WIDTH" 0 4 1, +C4<00000000000000000000000000001000>;
v0x561cb1540190 .array "buffer", 0 3, 7 0;
v0x561cb153d930_0 .net "clk", 0 0, v0x561cb15b2450_0;  alias, 1 drivers
v0x561cb153d9d0_0 .net "data_in", 7 0, L_0x561cb15c74f0;  alias, 1 drivers
v0x561cb153b170_0 .var "data_out", 7 0;
v0x561cb153b210_0 .var/i "i", 31 0;
v0x561cb15389b0_0 .net "in_valid", 0 0, L_0x561cb15b3130;  alias, 1 drivers
v0x561cb1538a50_0 .net "rst_n", 0 0, v0x561cb15b2ff0_0;  alias, 1 drivers
E_0x561cb14ed9d0/0 .event negedge, v0x561cb1538a50_0;
E_0x561cb14ed9d0/1 .event posedge, v0x561cb153d930_0;
E_0x561cb14ed9d0 .event/or E_0x561cb14ed9d0/0, E_0x561cb14ed9d0/1;
S_0x561cb1597a10 .scope module, "buffer_row_A2" "BUFFER" 3 104, 4 1 0, S_0x561cb15796d0;
 .timescale 0 0;
    .port_info 0 /INPUT 1 "clk"
    .port_info 1 /INPUT 1 "rst_n"
    .port_info 2 /INPUT 1 "in_valid"
    .port_info 3 /INPUT 8 "data_in"
    .port_info 4 /OUTPUT 8 "data_out"
P_0x561cb14f14a0 .param/l "BUFFER_SIZE" 0 4 1, +C4<00000000000000000000000000000100>;
P_0x561cb14f14e0 .param/l "DATA_WIDTH" 0 4 1, +C4<00000000000000000000000000001000>;
v0x561cb1597ca0 .array "buffer", 0 3, 7 0;
v0x561cb1597d60_0 .net "clk", 0 0, v0x561cb15b2450_0;  alias, 1 drivers
v0x561cb1597e50_0 .net "data_in", 7 0, L_0x561cb15c74f0;  alias, 1 drivers
v0x561cb1597f50_0 .var "data_out", 7 0;
v0x561cb1597ff0_0 .var/i "i", 31 0;
v0x561cb1598100_0 .net "in_valid", 0 0, L_0x561cb15b3270;  alias, 1 drivers
v0x561cb15981c0_0 .net "rst_n", 0 0, v0x561cb15b2ff0_0;  alias, 1 drivers
S_0x561cb1598310 .scope module, "buffer_row_A3" "BUFFER" 3 111, 4 1 0, S_0x561cb15796d0;
 .timescale 0 0;
    .port_info 0 /INPUT 1 "clk"
    .port_info 1 /INPUT 1 "rst_n"
    .port_info 2 /INPUT 1 "in_valid"
    .port_info 3 /INPUT 8 "data_in"
    .port_info 4 /OUTPUT 8 "data_out"
P_0x561cb14f1390 .param/l "BUFFER_SIZE" 0 4 1, +C4<00000000000000000000000000000100>;
P_0x561cb14f13d0 .param/l "DATA_WIDTH" 0 4 1, +C4<00000000000000000000000000001000>;
v0x561cb1598690 .array "buffer", 0 3, 7 0;
v0x561cb1598750_0 .net "clk", 0 0, v0x561cb15b2450_0;  alias, 1 drivers
v0x561cb1598860_0 .net "data_in", 7 0, L_0x561cb15c74f0;  alias, 1 drivers
v0x561cb1598950_0 .var "data_out", 7 0;
v0x561cb1598a10_0 .var/i "i", 31 0;
v0x561cb1598b40_0 .net "in_valid", 0 0, L_0x561cb15b3360;  alias, 1 drivers
v0x561cb1598c00_0 .net "rst_n", 0 0, v0x561cb15b2ff0_0;  alias, 1 drivers
S_0x561cb1598d90 .scope module, "buffer_row_A4" "BUFFER" 3 118, 4 1 0, S_0x561cb15796d0;
 .timescale 0 0;
    .port_info 0 /INPUT 1 "clk"
    .port_info 1 /INPUT 1 "rst_n"
    .port_info 2 /INPUT 1 "in_valid"
    .port_info 3 /INPUT 8 "data_in"
    .port_info 4 /OUTPUT 8 "data_out"
P_0x561cb14f17d0 .param/l "BUFFER_SIZE" 0 4 1, +C4<00000000000000000000000000000100>;
P_0x561cb14f1810 .param/l "DATA_WIDTH" 0 4 1, +C4<00000000000000000000000000001000>;
v0x561cb1599080 .array "buffer", 0 3, 7 0;
v0x561cb1599160_0 .net "clk", 0 0, v0x561cb15b2450_0;  alias, 1 drivers
v0x561cb1599220_0 .net "data_in", 7 0, L_0x561cb15c74f0;  alias, 1 drivers
v0x561cb15992f0_0 .var "data_out", 7 0;
v0x561cb15993b0_0 .var/i "i", 31 0;
v0x561cb15994e0_0 .net "in_valid", 0 0, L_0x561cb15b3450;  alias, 1 drivers
v0x561cb15995a0_0 .net "rst_n", 0 0, v0x561cb15b2ff0_0;  alias, 1 drivers
S_0x561cb15996e0 .scope module, "buffer_row_B1" "BUFFER" 3 126, 4 1 0, S_0x561cb15796d0;
 .timescale 0 0;
    .port_info 0 /INPUT 1 "clk"
    .port_info 1 /INPUT 1 "rst_n"
    .port_info 2 /INPUT 1 "in_valid"
    .port_info 3 /INPUT 8 "data_in"
    .port_info 4 /OUTPUT 8 "data_out"
P_0x561cb14f16c0 .param/l "BUFFER_SIZE" 0 4 1, +C4<00000000000000000000000000000100>;
P_0x561cb14f1700 .param/l "DATA_WIDTH" 0 4 1, +C4<00000000000000000000000000001000>;
v0x561cb1599a50 .array "buffer", 0 3, 7 0;
v0x561cb1599b30_0 .net "clk", 0 0, v0x561cb15b2450_0;  alias, 1 drivers
v0x561cb1599bf0_0 .net "data_in", 7 0, L_0x561cb15c7d10;  alias, 1 drivers
v0x561cb1599cc0_0 .var "data_out", 7 0;
v0x561cb1599da0_0 .var/i "i", 31 0;
v0x561cb1599e80_0 .net "in_valid", 0 0, L_0x561cb15b34f0;  alias, 1 drivers
v0x561cb1599f40_0 .net "rst_n", 0 0, v0x561cb15b2ff0_0;  alias, 1 drivers
S_0x561cb159a080 .scope module, "buffer_row_B2" "BUFFER" 3 133, 4 1 0, S_0x561cb15796d0;
 .timescale 0 0;
    .port_info 0 /INPUT 1 "clk"
    .port_info 1 /INPUT 1 "rst_n"
    .port_info 2 /INPUT 1 "in_valid"
    .port_info 3 /INPUT 8 "data_in"
    .port_info 4 /OUTPUT 8 "data_out"
P_0x561cb14f15b0 .param/l "BUFFER_SIZE" 0 4 1, +C4<00000000000000000000000000000100>;
P_0x561cb14f15f0 .param/l "DATA_WIDTH" 0 4 1, +C4<00000000000000000000000000001000>;
v0x561cb159a410 .array "buffer", 0 3, 7 0;
v0x561cb159a4f0_0 .net "clk", 0 0, v0x561cb15b2450_0;  alias, 1 drivers
v0x561cb159a5b0_0 .net "data_in", 7 0, L_0x561cb15c7d10;  alias, 1 drivers
v0x561cb159a6b0_0 .var "data_out", 7 0;
v0x561cb159a750_0 .var/i "i", 31 0;
v0x561cb159a880_0 .net "in_valid", 0 0, L_0x561cb15b3630;  alias, 1 drivers
v0x561cb159a940_0 .net "rst_n", 0 0, v0x561cb15b2ff0_0;  alias, 1 drivers
S_0x561cb159aa80 .scope module, "buffer_row_B3" "BUFFER" 3 140, 4 1 0, S_0x561cb15796d0;
 .timescale 0 0;
    .port_info 0 /INPUT 1 "clk"
    .port_info 1 /INPUT 1 "rst_n"
    .port_info 2 /INPUT 1 "in_valid"
    .port_info 3 /INPUT 8 "data_in"
    .port_info 4 /OUTPUT 8 "data_out"
P_0x561cb159a250 .param/l "BUFFER_SIZE" 0 4 1, +C4<00000000000000000000000000000100>;
P_0x561cb159a290 .param/l "DATA_WIDTH" 0 4 1, +C4<00000000000000000000000000001000>;
v0x561cb159ae60 .array "buffer", 0 3, 7 0;
v0x561cb159af40_0 .net "clk", 0 0, v0x561cb15b2450_0;  alias, 1 drivers
v0x561cb159b000_0 .net "data_in", 7 0, L_0x561cb15c7d10;  alias, 1 drivers
v0x561cb159b120_0 .var "data_out", 7 0;
v0x561cb159b1e0_0 .var/i "i", 31 0;
v0x561cb159b310_0 .net "in_valid", 0 0, L_0x561cb15b3760;  alias, 1 drivers
v0x561cb159b3d0_0 .net "rst_n", 0 0, v0x561cb15b2ff0_0;  alias, 1 drivers
S_0x561cb159b510 .scope module, "buffer_row_B4" "BUFFER" 3 147, 4 1 0, S_0x561cb15796d0;
 .timescale 0 0;
    .port_info 0 /INPUT 1 "clk"
    .port_info 1 /INPUT 1 "rst_n"
    .port_info 2 /INPUT 1 "in_valid"
    .port_info 3 /INPUT 8 "data_in"
    .port_info 4 /OUTPUT 8 "data_out"
P_0x561cb159aca0 .param/l "BUFFER_SIZE" 0 4 1, +C4<00000000000000000000000000000100>;
P_0x561cb159ace0 .param/l "DATA_WIDTH" 0 4 1, +C4<00000000000000000000000000001000>;
v0x561cb159b8c0 .array "buffer", 0 3, 7 0;
v0x561cb159b9a0_0 .net "clk", 0 0, v0x561cb15b2450_0;  alias, 1 drivers
v0x561cb159ba60_0 .net "data_in", 7 0, L_0x561cb15c7d10;  alias, 1 drivers
v0x561cb159bb30_0 .var "data_out", 7 0;
v0x561cb159bbf0_0 .var/i "i", 31 0;
v0x561cb159bd20_0 .net "in_valid", 0 0, L_0x561cb15b38e0;  alias, 1 drivers
v0x561cb159bde0_0 .net "rst_n", 0 0, v0x561cb15b2ff0_0;  alias, 1 drivers
S_0x561cb159bf20 .scope module, "control" "controller" 3 305, 5 1 0, S_0x561cb15796d0;
 .timescale 0 0;
    .port_info 0 /INPUT 1 "clk"
    .port_info 1 /INPUT 1 "rst_n"
    .port_info 2 /INPUT 1 "data_valid"
    .port_info 3 /OUTPUT 4 "mux_select"
    .port_info 4 /OUTPUT 4 "in_valid_A"
    .port_info 5 /OUTPUT 4 "in_valid_B"
    .port_info 6 /OUTPUT 1 "set_reg_path_1"
    .port_info 7 /OUTPUT 1 "set_reg_path_2"
    .port_info 8 /OUTPUT 1 "set_reg_path_3"
    .port_info 9 /OUTPUT 1 "set_reg_path_4"
    .port_info 10 /OUTPUT 1 "set_reg_path_5"
    .port_info 11 /OUTPUT 1 "set_reg_path_6"
    .port_info 12 /OUTPUT 1 "set_reg_path_7"
    .port_info 13 /OUTPUT 1 "read_data"
    .port_info 14 /OUTPUT 1 "done"
P_0x561cb159c0f0 .param/l "COMPUTE" 0 5 24, C4<010>;
P_0x561cb159c130 .param/l "DONE_TILING" 0 5 25, C4<011>;
P_0x561cb159c170 .param/l "HEIGHT" 0 5 1, +C4<00000000000000000000000000000100>;
P_0x561cb159c1b0 .param/l "IDLE" 0 5 22, C4<000>;
P_0x561cb159c1f0 .param/l "K_SIZE" 0 5 1, +C4<00000000000000000000000000000100>;
P_0x561cb159c230 .param/l "LOAD_DATA" 0 5 23, C4<001>;
P_0x561cb159c270 .param/l "M_SIZE" 0 5 1, +C4<00000000000000000000000000000100>;
P_0x561cb159c2b0 .param/l "N_SIZE" 0 5 1, +C4<00000000000000000000000000000100>;
P_0x561cb159c2f0 .param/l "ROW_NUM" 0 5 1, +C4<00000000000000000000000000000100>;
P_0x561cb159c330 .param/l "TILING_COLLUM" 1 5 19, +C4<0000000000000000000000000000000001>;
P_0x561cb159c370 .param/l "TILING_ROW" 1 5 20, +C4<0000000000000000000000000000000001>;
P_0x561cb159c3b0 .param/l "WIDTH" 0 5 1, +C4<00000000000000000000000000000100>;
v0x561cb159cc70_0 .net "clk", 0 0, v0x561cb15b2450_0;  alias, 1 drivers
v0x561cb159cd30_0 .var "counter", 4 0;
v0x561cb159ce10_0 .var "counter_buffer", 4 0;
v0x561cb159cf00_0 .var "counter_input", 4 0;
v0x561cb159cfe0_0 .var "counter_pixel", 4 0;
v0x561cb159d0c0_0 .var "counter_tiling_collum", 4 0;
v0x561cb159d1a0_0 .var "counter_tiling_row", 4 0;
v0x561cb159d280_0 .var "current_state", 1 0;
v0x561cb159d360_0 .net "data_valid", 0 0, v0x561cb15b2630_0;  alias, 1 drivers
v0x561cb159d420_0 .var "done", 0 0;
v0x561cb159d4e0_0 .var "in_valid_A", 3 0;
v0x561cb159d5c0_0 .var "in_valid_B", 3 0;
v0x561cb159d6a0_0 .var "mux_select", 3 0;
v0x561cb159d780_0 .var "next_state", 1 0;
v0x561cb159d860_0 .var "read_data", 0 0;
v0x561cb159d920_0 .net "rst_n", 0 0, v0x561cb15b2ff0_0;  alias, 1 drivers
v0x561cb159dad0_0 .var "set_reg_path_1", 0 0;
v0x561cb159dca0_0 .var "set_reg_path_2", 0 0;
v0x561cb159dd60_0 .var "set_reg_path_3", 0 0;
v0x561cb159de20_0 .var "set_reg_path_4", 0 0;
v0x561cb159dee0_0 .var "set_reg_path_5", 0 0;
v0x561cb159dfa0_0 .var "set_reg_path_6", 0 0;
v0x561cb159e060_0 .var "set_reg_path_7", 0 0;
v0x561cb159e120_0 .var "start_compute", 0 0;
E_0x561cb14ec6a0/0 .event edge, v0x561cb159d280_0, v0x561cb159d360_0, v0x561cb159e120_0, v0x561cb159cfe0_0;
E_0x561cb14ec6a0/1 .event edge, v0x561cb159d0c0_0, v0x561cb159d1a0_0;
E_0x561cb14ec6a0 .event/or E_0x561cb14ec6a0/0, E_0x561cb14ec6a0/1;
S_0x561cb159e440 .scope module, "pe00" "PE" 3 157, 6 1 0, S_0x561cb15796d0;
 .timescale 0 0;
    .port_info 0 /INPUT 1 "clk"
    .port_info 1 /INPUT 1 "rst_n"
    .port_info 2 /INPUT 1 "set_reg"
    .port_info 3 /INPUT 8 "top_in"
    .port_info 4 /INPUT 8 "left_in"
    .port_info 5 /OUTPUT 8 "right_out"
    .port_info 6 /OUTPUT 8 "bottom_out"
P_0x561cb159e5c0 .param/l "DATA_WIDTH" 0 6 1, +C4<00000000000000000000000000001000>;
v0x561cb159e710_0 .net *"_s0", 15 0, L_0x561cb15b39d0;  1 drivers
L_0x7f65de1e3018 .functor BUFT 1, C4<00000000>, C4<0>, C4<0>, C4<0>;
v0x561cb159e810_0 .net *"_s3", 7 0, L_0x7f65de1e3018;  1 drivers
v0x561cb159e8f0_0 .net *"_s4", 15 0, L_0x561cb15b3ac0;  1 drivers
L_0x7f65de1e3060 .functor BUFT 1, C4<00000000>, C4<0>, C4<0>, C4<0>;
v0x561cb159e9e0_0 .net *"_s7", 7 0, L_0x7f65de1e3060;  1 drivers
v0x561cb159eac0_0 .var "bottom_out", 7 0;
v0x561cb159ebf0_0 .net "clk", 0 0, v0x561cb15b2450_0;  alias, 1 drivers
v0x561cb159ec90_0 .net "left_in", 7 0, v0x561cb153b170_0;  alias, 1 drivers
v0x561cb159ed50_0 .var "result", 15 0;
v0x561cb159ee10_0 .var "right_out", 7 0;
v0x561cb159eef0_0 .net "rst_n", 0 0, v0x561cb15b2ff0_0;  alias, 1 drivers
v0x561cb159ef90_0 .net "set_reg", 0 0, v0x561cb159dad0_0;  alias, 1 drivers
v0x561cb159f060_0 .net "sum", 15 0, L_0x561cb15b3bb0;  1 drivers
v0x561cb159f120_0 .net "top_in", 7 0, v0x561cb1599cc0_0;  alias, 1 drivers
L_0x561cb15b39d0 .concat [ 8 8 0 0], v0x561cb1599cc0_0, L_0x7f65de1e3018;
L_0x561cb15b3ac0 .concat [ 8 8 0 0], v0x561cb153b170_0, L_0x7f65de1e3060;
L_0x561cb15b3bb0 .arith/mult 16, L_0x561cb15b39d0, L_0x561cb15b3ac0;
S_0x561cb159f2d0 .scope module, "pe01" "PE" 3 166, 6 1 0, S_0x561cb15796d0;
 .timescale 0 0;
    .port_info 0 /INPUT 1 "clk"
    .port_info 1 /INPUT 1 "rst_n"
    .port_info 2 /INPUT 1 "set_reg"
    .port_info 3 /INPUT 8 "top_in"
    .port_info 4 /INPUT 8 "left_in"
    .port_info 5 /OUTPUT 8 "right_out"
    .port_info 6 /OUTPUT 8 "bottom_out"
P_0x561cb159f450 .param/l "DATA_WIDTH" 0 6 1, +C4<00000000000000000000000000001000>;
v0x561cb159f5d0_0 .net *"_s0", 15 0, L_0x561cb15b3cf0;  1 drivers
L_0x7f65de1e30a8 .functor BUFT 1, C4<00000000>, C4<0>, C4<0>, C4<0>;
v0x561cb159f6d0_0 .net *"_s3", 7 0, L_0x7f65de1e30a8;  1 drivers
v0x561cb159f7b0_0 .net *"_s4", 15 0, L_0x561cb15b3de0;  1 drivers
L_0x7f65de1e30f0 .functor BUFT 1, C4<00000000>, C4<0>, C4<0>, C4<0>;
v0x561cb159f8a0_0 .net *"_s7", 7 0, L_0x7f65de1e30f0;  1 drivers
v0x561cb159f980_0 .var "bottom_out", 7 0;
v0x561cb159fab0_0 .net "clk", 0 0, v0x561cb15b2450_0;  alias, 1 drivers
v0x561cb159fb50_0 .net "left_in", 7 0, v0x561cb159ee10_0;  alias, 1 drivers
v0x561cb159fc10_0 .var "result", 15 0;
v0x561cb159fcd0_0 .var "right_out", 7 0;
v0x561cb159fdb0_0 .net "rst_n", 0 0, v0x561cb15b2ff0_0;  alias, 1 drivers
v0x561cb159fe50_0 .net "set_reg", 0 0, v0x561cb159dca0_0;  alias, 1 drivers
v0x561cb159ff20_0 .net "sum", 15 0, L_0x561cb15b3ed0;  1 drivers
v0x561cb159ffe0_0 .net "top_in", 7 0, v0x561cb159a6b0_0;  alias, 1 drivers
L_0x561cb15b3cf0 .concat [ 8 8 0 0], v0x561cb159a6b0_0, L_0x7f65de1e30a8;
L_0x561cb15b3de0 .concat [ 8 8 0 0], v0x561cb159ee10_0, L_0x7f65de1e30f0;
L_0x561cb15b3ed0 .arith/mult 16, L_0x561cb15b3cf0, L_0x561cb15b3de0;
S_0x561cb15a0190 .scope module, "pe02" "PE" 3 175, 6 1 0, S_0x561cb15796d0;
 .timescale 0 0;
    .port_info 0 /INPUT 1 "clk"
    .port_info 1 /INPUT 1 "rst_n"
    .port_info 2 /INPUT 1 "set_reg"
    .port_info 3 /INPUT 8 "top_in"
    .port_info 4 /INPUT 8 "left_in"
    .port_info 5 /OUTPUT 8 "right_out"
    .port_info 6 /OUTPUT 8 "bottom_out"
P_0x561cb15a0310 .param/l "DATA_WIDTH" 0 6 1, +C4<00000000000000000000000000001000>;
v0x561cb15a0490_0 .net *"_s0", 15 0, L_0x561cb15b4010;  1 drivers
L_0x7f65de1e3138 .functor BUFT 1, C4<00000000>, C4<0>, C4<0>, C4<0>;
v0x561cb15a0590_0 .net *"_s3", 7 0, L_0x7f65de1e3138;  1 drivers
v0x561cb15a0670_0 .net *"_s4", 15 0, L_0x561cb15b4150;  1 drivers
L_0x7f65de1e3180 .functor BUFT 1, C4<00000000>, C4<0>, C4<0>, C4<0>;
v0x561cb15a0760_0 .net *"_s7", 7 0, L_0x7f65de1e3180;  1 drivers
v0x561cb15a0840_0 .var "bottom_out", 7 0;
v0x561cb15a0970_0 .net "clk", 0 0, v0x561cb15b2450_0;  alias, 1 drivers
v0x561cb15a0a10_0 .net "left_in", 7 0, v0x561cb159fcd0_0;  alias, 1 drivers
v0x561cb15a0ad0_0 .var "result", 15 0;
v0x561cb15a0b90_0 .var "right_out", 7 0;
v0x561cb15a0c70_0 .net "rst_n", 0 0, v0x561cb15b2ff0_0;  alias, 1 drivers
v0x561cb15a0d10_0 .net "set_reg", 0 0, v0x561cb159dd60_0;  alias, 1 drivers
v0x561cb15a0de0_0 .net "sum", 15 0, L_0x561cb15b4240;  1 drivers
v0x561cb15a0ea0_0 .net "top_in", 7 0, v0x561cb159b120_0;  alias, 1 drivers
L_0x561cb15b4010 .concat [ 8 8 0 0], v0x561cb159b120_0, L_0x7f65de1e3138;
L_0x561cb15b4150 .concat [ 8 8 0 0], v0x561cb159fcd0_0, L_0x7f65de1e3180;
L_0x561cb15b4240 .arith/mult 16, L_0x561cb15b4010, L_0x561cb15b4150;
S_0x561cb15a1090 .scope module, "pe03" "PE" 3 184, 6 1 0, S_0x561cb15796d0;
 .timescale 0 0;
    .port_info 0 /INPUT 1 "clk"
    .port_info 1 /INPUT 1 "rst_n"
    .port_info 2 /INPUT 1 "set_reg"
    .port_info 3 /INPUT 8 "top_in"
    .port_info 4 /INPUT 8 "left_in"
    .port_info 5 /OUTPUT 8 "right_out"
    .port_info 6 /OUTPUT 8 "bottom_out"
P_0x561cb15a1210 .param/l "DATA_WIDTH" 0 6 1, +C4<00000000000000000000000000001000>;
v0x561cb15a1420_0 .net *"_s0", 15 0, L_0x561cb15b4380;  1 drivers
L_0x7f65de1e31c8 .functor BUFT 1, C4<00000000>, C4<0>, C4<0>, C4<0>;
v0x561cb15a1520_0 .net *"_s3", 7 0, L_0x7f65de1e31c8;  1 drivers
v0x561cb15a1600_0 .net *"_s4", 15 0, L_0x561cb15b4470;  1 drivers
L_0x7f65de1e3210 .functor BUFT 1, C4<00000000>, C4<0>, C4<0>, C4<0>;
v0x561cb15a16f0_0 .net *"_s7", 7 0, L_0x7f65de1e3210;  1 drivers
v0x561cb15a17d0_0 .var "bottom_out", 7 0;
v0x561cb15a1900_0 .net "clk", 0 0, v0x561cb15b2450_0;  alias, 1 drivers
v0x561cb15a19a0_0 .net "left_in", 7 0, v0x561cb15a0b90_0;  alias, 1 drivers
v0x561cb15a1a60_0 .var "result", 15 0;
v0x561cb15a1b20_0 .var "right_out", 7 0;
v0x561cb15a1c00_0 .net "rst_n", 0 0, v0x561cb15b2ff0_0;  alias, 1 drivers
v0x561cb15a1ca0_0 .net "set_reg", 0 0, v0x561cb159de20_0;  alias, 1 drivers
v0x561cb15a1d70_0 .net "sum", 15 0, L_0x561cb15b4560;  1 drivers
v0x561cb15a1e30_0 .net "top_in", 7 0, v0x561cb159bb30_0;  alias, 1 drivers
L_0x561cb15b4380 .concat [ 8 8 0 0], v0x561cb159bb30_0, L_0x7f65de1e31c8;
L_0x561cb15b4470 .concat [ 8 8 0 0], v0x561cb15a0b90_0, L_0x7f65de1e3210;
L_0x561cb15b4560 .arith/mult 16, L_0x561cb15b4380, L_0x561cb15b4470;
S_0x561cb15a2020 .scope module, "pe10" "PE" 3 194, 6 1 0, S_0x561cb15796d0;
 .timescale 0 0;
    .port_info 0 /INPUT 1 "clk"
    .port_info 1 /INPUT 1 "rst_n"
    .port_info 2 /INPUT 1 "set_reg"
    .port_info 3 /INPUT 8 "top_in"
    .port_info 4 /INPUT 8 "left_in"
    .port_info 5 /OUTPUT 8 "right_out"
    .port_info 6 /OUTPUT 8 "bottom_out"
P_0x561cb15a21a0 .param/l "DATA_WIDTH" 0 6 1, +C4<00000000000000000000000000001000>;
v0x561cb15a23b0_0 .net *"_s0", 15 0, L_0x561cb15b46a0;  1 drivers
L_0x7f65de1e3258 .functor BUFT 1, C4<00000000>, C4<0>, C4<0>, C4<0>;
v0x561cb15a24b0_0 .net *"_s3", 7 0, L_0x7f65de1e3258;  1 drivers
v0x561cb15a2590_0 .net *"_s4", 15 0, L_0x561cb15b4820;  1 drivers
L_0x7f65de1e32a0 .functor BUFT 1, C4<00000000>, C4<0>, C4<0>, C4<0>;
v0x561cb15a2680_0 .net *"_s7", 7 0, L_0x7f65de1e32a0;  1 drivers
v0x561cb15a2760_0 .var "bottom_out", 7 0;
v0x561cb15a2890_0 .net "clk", 0 0, v0x561cb15b2450_0;  alias, 1 drivers
v0x561cb15a2930_0 .net "left_in", 7 0, v0x561cb1597f50_0;  alias, 1 drivers
v0x561cb15a29f0_0 .var "result", 15 0;
v0x561cb15a2ab0_0 .var "right_out", 7 0;
v0x561cb15a2b90_0 .net "rst_n", 0 0, v0x561cb15b2ff0_0;  alias, 1 drivers
v0x561cb15a2c30_0 .net "set_reg", 0 0, v0x561cb159dca0_0;  alias, 1 drivers
v0x561cb15a2cd0_0 .net "sum", 15 0, L_0x561cb15b48c0;  1 drivers
v0x561cb15a2db0_0 .net "top_in", 7 0, v0x561cb159eac0_0;  alias, 1 drivers
L_0x561cb15b46a0 .concat [ 8 8 0 0], v0x561cb159eac0_0, L_0x7f65de1e3258;
L_0x561cb15b4820 .concat [ 8 8 0 0], v0x561cb1597f50_0, L_0x7f65de1e32a0;
L_0x561cb15b48c0 .arith/mult 16, L_0x561cb15b46a0, L_0x561cb15b4820;
S_0x561cb15a2f70 .scope module, "pe11" "PE" 3 203, 6 1 0, S_0x561cb15796d0;
 .timescale 0 0;
    .port_info 0 /INPUT 1 "clk"
    .port_info 1 /INPUT 1 "rst_n"
    .port_info 2 /INPUT 1 "set_reg"
    .port_info 3 /INPUT 8 "top_in"
    .port_info 4 /INPUT 8 "left_in"
    .port_info 5 /OUTPUT 8 "right_out"
    .port_info 6 /OUTPUT 8 "bottom_out"
P_0x561cb15a3140 .param/l "DATA_WIDTH" 0 6 1, +C4<00000000000000000000000000001000>;
v0x561cb15a3350_0 .net *"_s0", 15 0, L_0x561cb15b4a00;  1 drivers
L_0x7f65de1e32e8 .functor BUFT 1, C4<00000000>, C4<0>, C4<0>, C4<0>;
v0x561cb15a3450_0 .net *"_s3", 7 0, L_0x7f65de1e32e8;  1 drivers
v0x561cb15a3530_0 .net *"_s4", 15 0, L_0x561cb15b4af0;  1 drivers
L_0x7f65de1e3330 .functor BUFT 1, C4<00000000>, C4<0>, C4<0>, C4<0>;
v0x561cb15a3620_0 .net *"_s7", 7 0, L_0x7f65de1e3330;  1 drivers
v0x561cb15a3700_0 .var "bottom_out", 7 0;
v0x561cb15a3830_0 .net "clk", 0 0, v0x561cb15b2450_0;  alias, 1 drivers
v0x561cb15a38d0_0 .net "left_in", 7 0, v0x561cb15a2ab0_0;  alias, 1 drivers
v0x561cb15a3990_0 .var "result", 15 0;
v0x561cb15a3a50_0 .var "right_out", 7 0;
v0x561cb15a3b30_0 .net "rst_n", 0 0, v0x561cb15b2ff0_0;  alias, 1 drivers
v0x561cb15a3bd0_0 .net "set_reg", 0 0, v0x561cb159dd60_0;  alias, 1 drivers
v0x561cb15a3c70_0 .net "sum", 15 0, L_0x561cb15b4be0;  1 drivers
v0x561cb15a3d50_0 .net "top_in", 7 0, v0x561cb159f980_0;  alias, 1 drivers
L_0x561cb15b4a00 .concat [ 8 8 0 0], v0x561cb159f980_0, L_0x7f65de1e32e8;
L_0x561cb15b4af0 .concat [ 8 8 0 0], v0x561cb15a2ab0_0, L_0x7f65de1e3330;
L_0x561cb15b4be0 .arith/mult 16, L_0x561cb15b4a00, L_0x561cb15b4af0;
S_0x561cb15a3f10 .scope module, "pe12" "PE" 3 212, 6 1 0, S_0x561cb15796d0;
 .timescale 0 0;
    .port_info 0 /INPUT 1 "clk"
    .port_info 1 /INPUT 1 "rst_n"
    .port_info 2 /INPUT 1 "set_reg"
    .port_info 3 /INPUT 8 "top_in"
    .port_info 4 /INPUT 8 "left_in"
    .port_info 5 /OUTPUT 8 "right_out"
    .port_info 6 /OUTPUT 8 "bottom_out"
P_0x561cb15a40e0 .param/l "DATA_WIDTH" 0 6 1, +C4<00000000000000000000000000001000>;
v0x561cb15a42f0_0 .net *"_s0", 15 0, L_0x561cb15b4d20;  1 drivers
L_0x7f65de1e3378 .functor BUFT 1, C4<00000000>, C4<0>, C4<0>, C4<0>;
v0x561cb15a43f0_0 .net *"_s3", 7 0, L_0x7f65de1e3378;  1 drivers
v0x561cb15a44d0_0 .net *"_s4", 15 0, L_0x561cb15b4e10;  1 drivers
L_0x7f65de1e33c0 .functor BUFT 1, C4<00000000>, C4<0>, C4<0>, C4<0>;
v0x561cb15a45c0_0 .net *"_s7", 7 0, L_0x7f65de1e33c0;  1 drivers
v0x561cb15a46a0_0 .var "bottom_out", 7 0;
v0x561cb15a47d0_0 .net "clk", 0 0, v0x561cb15b2450_0;  alias, 1 drivers
v0x561cb15a4870_0 .net "left_in", 7 0, v0x561cb15a3a50_0;  alias, 1 drivers
v0x561cb15a4930_0 .var "result", 15 0;
v0x561cb15a49f0_0 .var "right_out", 7 0;
v0x561cb15a4ad0_0 .net "rst_n", 0 0, v0x561cb15b2ff0_0;  alias, 1 drivers
v0x561cb15a4b70_0 .net "set_reg", 0 0, v0x561cb159de20_0;  alias, 1 drivers
v0x561cb15a4c10_0 .net "sum", 15 0, L_0x561cb15b4f00;  1 drivers
v0x561cb15a4cf0_0 .net "top_in", 7 0, v0x561cb15a0840_0;  alias, 1 drivers
L_0x561cb15b4d20 .concat [ 8 8 0 0], v0x561cb15a0840_0, L_0x7f65de1e3378;
L_0x561cb15b4e10 .concat [ 8 8 0 0], v0x561cb15a3a50_0, L_0x7f65de1e33c0;
L_0x561cb15b4f00 .arith/mult 16, L_0x561cb15b4d20, L_0x561cb15b4e10;
S_0x561cb15a4eb0 .scope module, "pe13" "PE" 3 221, 6 1 0, S_0x561cb15796d0;
 .timescale 0 0;
    .port_info 0 /INPUT 1 "clk"
    .port_info 1 /INPUT 1 "rst_n"
    .port_info 2 /INPUT 1 "set_reg"
    .port_info 3 /INPUT 8 "top_in"
    .port_info 4 /INPUT 8 "left_in"
    .port_info 5 /OUTPUT 8 "right_out"
    .port_info 6 /OUTPUT 8 "bottom_out"
P_0x561cb15a5190 .param/l "DATA_WIDTH" 0 6 1, +C4<00000000000000000000000000001000>;
v0x561cb15a5310_0 .net *"_s0", 15 0, L_0x561cb15b5040;  1 drivers
L_0x7f65de1e3408 .functor BUFT 1, C4<00000000>, C4<0>, C4<0>, C4<0>;
v0x561cb15a5410_0 .net *"_s3", 7 0, L_0x7f65de1e3408;  1 drivers
v0x561cb15a54f0_0 .net *"_s4", 15 0, L_0x561cb15b5130;  1 drivers
L_0x7f65de1e3450 .functor BUFT 1, C4<00000000>, C4<0>, C4<0>, C4<0>;
v0x561cb15a55e0_0 .net *"_s7", 7 0, L_0x7f65de1e3450;  1 drivers
v0x561cb15a56c0_0 .var "bottom_out", 7 0;
v0x561cb15a57f0_0 .net "clk", 0 0, v0x561cb15b2450_0;  alias, 1 drivers
v0x561cb15a5890_0 .net "left_in", 7 0, v0x561cb15a49f0_0;  alias, 1 drivers
v0x561cb15a5950_0 .var "result", 15 0;
v0x561cb15a5a10_0 .var "right_out", 7 0;
v0x561cb15a5af0_0 .net "rst_n", 0 0, v0x561cb15b2ff0_0;  alias, 1 drivers
v0x561cb15a5da0_0 .net "set_reg", 0 0, v0x561cb159dee0_0;  alias, 1 drivers
v0x561cb15a5e70_0 .net "sum", 15 0, L_0x561cb15b5220;  1 drivers
v0x561cb15a5f30_0 .net "top_in", 7 0, v0x561cb15a17d0_0;  alias, 1 drivers
L_0x561cb15b5040 .concat [ 8 8 0 0], v0x561cb15a17d0_0, L_0x7f65de1e3408;
L_0x561cb15b5130 .concat [ 8 8 0 0], v0x561cb15a49f0_0, L_0x7f65de1e3450;
L_0x561cb15b5220 .arith/mult 16, L_0x561cb15b5040, L_0x561cb15b5130;
S_0x561cb15a6120 .scope module, "pe20" "PE" 3 231, 6 1 0, S_0x561cb15796d0;
 .timescale 0 0;
    .port_info 0 /INPUT 1 "clk"
    .port_info 1 /INPUT 1 "rst_n"
    .port_info 2 /INPUT 1 "set_reg"
    .port_info 3 /INPUT 8 "top_in"
    .port_info 4 /INPUT 8 "left_in"
    .port_info 5 /OUTPUT 8 "right_out"
    .port_info 6 /OUTPUT 8 "bottom_out"
P_0x561cb15a62a0 .param/l "DATA_WIDTH" 0 6 1, +C4<00000000000000000000000000001000>;
v0x561cb15a64b0_0 .net *"_s0", 15 0, L_0x561cb15b5360;  1 drivers
L_0x7f65de1e3498 .functor BUFT 1, C4<00000000>, C4<0>, C4<0>, C4<0>;
v0x561cb15a65b0_0 .net *"_s3", 7 0, L_0x7f65de1e3498;  1 drivers
v0x561cb15a6690_0 .net *"_s4", 15 0, L_0x561cb15b5450;  1 drivers
L_0x7f65de1e34e0 .functor BUFT 1, C4<00000000>, C4<0>, C4<0>, C4<0>;
v0x561cb15a6780_0 .net *"_s7", 7 0, L_0x7f65de1e34e0;  1 drivers
v0x561cb15a6860_0 .var "bottom_out", 7 0;
v0x561cb15a6990_0 .net "clk", 0 0, v0x561cb15b2450_0;  alias, 1 drivers
v0x561cb15a6a30_0 .net "left_in", 7 0, v0x561cb1598950_0;  alias, 1 drivers
v0x561cb15a6af0_0 .var "result", 15 0;
v0x561cb15a6bb0_0 .var "right_out", 7 0;
v0x561cb15a6c90_0 .net "rst_n", 0 0, v0x561cb15b2ff0_0;  alias, 1 drivers
v0x561cb15a6d30_0 .net "set_reg", 0 0, v0x561cb159dd60_0;  alias, 1 drivers
v0x561cb15a6dd0_0 .net "sum", 15 0, L_0x561cb15b5540;  1 drivers
v0x561cb15a6eb0_0 .net "top_in", 7 0, v0x561cb15a2760_0;  alias, 1 drivers
L_0x561cb15b5360 .concat [ 8 8 0 0], v0x561cb15a2760_0, L_0x7f65de1e3498;
L_0x561cb15b5450 .concat [ 8 8 0 0], v0x561cb1598950_0, L_0x7f65de1e34e0;
L_0x561cb15b5540 .arith/mult 16, L_0x561cb15b5360, L_0x561cb15b5450;
S_0x561cb15a70a0 .scope module, "pe21" "PE" 3 240, 6 1 0, S_0x561cb15796d0;
 .timescale 0 0;
    .port_info 0 /INPUT 1 "clk"
    .port_info 1 /INPUT 1 "rst_n"
    .port_info 2 /INPUT 1 "set_reg"
    .port_info 3 /INPUT 8 "top_in"
    .port_info 4 /INPUT 8 "left_in"
    .port_info 5 /OUTPUT 8 "right_out"
    .port_info 6 /OUTPUT 8 "bottom_out"
P_0x561cb15a7220 .param/l "DATA_WIDTH" 0 6 1, +C4<00000000000000000000000000001000>;
v0x561cb15a7430_0 .net *"_s0", 15 0, L_0x561cb15b5680;  1 drivers
L_0x7f65de1e3528 .functor BUFT 1, C4<00000000>, C4<0>, C4<0>, C4<0>;
v0x561cb15a7530_0 .net *"_s3", 7 0, L_0x7f65de1e3528;  1 drivers
v0x561cb15a7610_0 .net *"_s4", 15 0, L_0x561cb15b5770;  1 drivers
L_0x7f65de1e3570 .functor BUFT 1, C4<00000000>, C4<0>, C4<0>, C4<0>;
v0x561cb15a7700_0 .net *"_s7", 7 0, L_0x7f65de1e3570;  1 drivers
v0x561cb15a77e0_0 .var "bottom_out", 7 0;
v0x561cb15a7910_0 .net "clk", 0 0, v0x561cb15b2450_0;  alias, 1 drivers
v0x561cb15a79b0_0 .net "left_in", 7 0, v0x561cb15a6bb0_0;  alias, 1 drivers
v0x561cb15a7a70_0 .var "result", 15 0;
v0x561cb15a7b30_0 .var "right_out", 7 0;
v0x561cb15a7c10_0 .net "rst_n", 0 0, v0x561cb15b2ff0_0;  alias, 1 drivers
v0x561cb15a7cb0_0 .net "set_reg", 0 0, v0x561cb159de20_0;  alias, 1 drivers
v0x561cb15a7d50_0 .net "sum", 15 0, L_0x561cb15b5860;  1 drivers
v0x561cb15a7e30_0 .net "top_in", 7 0, v0x561cb15a3700_0;  alias, 1 drivers
L_0x561cb15b5680 .concat [ 8 8 0 0], v0x561cb15a3700_0, L_0x7f65de1e3528;
L_0x561cb15b5770 .concat [ 8 8 0 0], v0x561cb15a6bb0_0, L_0x7f65de1e3570;
L_0x561cb15b5860 .arith/mult 16, L_0x561cb15b5680, L_0x561cb15b5770;
S_0x561cb15a8020 .scope module, "pe22" "PE" 3 249, 6 1 0, S_0x561cb15796d0;
 .timescale 0 0;
    .port_info 0 /INPUT 1 "clk"
    .port_info 1 /INPUT 1 "rst_n"
    .port_info 2 /INPUT 1 "set_reg"
    .port_info 3 /INPUT 8 "top_in"
    .port_info 4 /INPUT 8 "left_in"
    .port_info 5 /OUTPUT 8 "right_out"
    .port_info 6 /OUTPUT 8 "bottom_out"
P_0x561cb15a81a0 .param/l "DATA_WIDTH" 0 6 1, +C4<00000000000000000000000000001000>;
v0x561cb15a83b0_0 .net *"_s0", 15 0, L_0x561cb15b59a0;  1 drivers
L_0x7f65de1e35b8 .functor BUFT 1, C4<00000000>, C4<0>, C4<0>, C4<0>;
v0x561cb15a84b0_0 .net *"_s3", 7 0, L_0x7f65de1e35b8;  1 drivers
v0x561cb15a8590_0 .net *"_s4", 15 0, L_0x561cb15b5a90;  1 drivers
L_0x7f65de1e3600 .functor BUFT 1, C4<00000000>, C4<0>, C4<0>, C4<0>;
v0x561cb15a8680_0 .net *"_s7", 7 0, L_0x7f65de1e3600;  1 drivers
v0x561cb15a8760_0 .var "bottom_out", 7 0;
v0x561cb15a8890_0 .net "clk", 0 0, v0x561cb15b2450_0;  alias, 1 drivers
v0x561cb15a8930_0 .net "left_in", 7 0, v0x561cb15a7b30_0;  alias, 1 drivers
v0x561cb15a89f0_0 .var "result", 15 0;
v0x561cb15a8ab0_0 .var "right_out", 7 0;
v0x561cb15a8b90_0 .net "rst_n", 0 0, v0x561cb15b2ff0_0;  alias, 1 drivers
v0x561cb15a8c30_0 .net "set_reg", 0 0, v0x561cb159dee0_0;  alias, 1 drivers
v0x561cb15a8cd0_0 .net "sum", 15 0, L_0x561cb15b5b80;  1 drivers
v0x561cb15a8db0_0 .net "top_in", 7 0, v0x561cb15a46a0_0;  alias, 1 drivers
L_0x561cb15b59a0 .concat [ 8 8 0 0], v0x561cb15a46a0_0, L_0x7f65de1e35b8;
L_0x561cb15b5a90 .concat [ 8 8 0 0], v0x561cb15a7b30_0, L_0x7f65de1e3600;
L_0x561cb15b5b80 .arith/mult 16, L_0x561cb15b59a0, L_0x561cb15b5a90;
S_0x561cb15a8f70 .scope module, "pe23" "PE" 3 258, 6 1 0, S_0x561cb15796d0;
 .timescale 0 0;
    .port_info 0 /INPUT 1 "clk"
    .port_info 1 /INPUT 1 "rst_n"
    .port_info 2 /INPUT 1 "set_reg"
    .port_info 3 /INPUT 8 "top_in"
    .port_info 4 /INPUT 8 "left_in"
    .port_info 5 /OUTPUT 8 "right_out"
    .port_info 6 /OUTPUT 8 "bottom_out"
P_0x561cb15a9140 .param/l "DATA_WIDTH" 0 6 1, +C4<00000000000000000000000000001000>;
v0x561cb15a9350_0 .net *"_s0", 15 0, L_0x561cb15b5cc0;  1 drivers
L_0x7f65de1e3648 .functor BUFT 1, C4<00000000>, C4<0>, C4<0>, C4<0>;
v0x561cb15a9450_0 .net *"_s3", 7 0, L_0x7f65de1e3648;  1 drivers
v0x561cb15a9530_0 .net *"_s4", 15 0, L_0x561cb15b5db0;  1 drivers
L_0x7f65de1e3690 .functor BUFT 1, C4<00000000>, C4<0>, C4<0>, C4<0>;
v0x561cb15a9620_0 .net *"_s7", 7 0, L_0x7f65de1e3690;  1 drivers
v0x561cb15a9700_0 .var "bottom_out", 7 0;
v0x561cb15a9830_0 .net "clk", 0 0, v0x561cb15b2450_0;  alias, 1 drivers
v0x561cb15a98d0_0 .net "left_in", 7 0, v0x561cb15a8ab0_0;  alias, 1 drivers
v0x561cb15a9990_0 .var "result", 15 0;
v0x561cb15a9a50_0 .var "right_out", 7 0;
v0x561cb15a9b30_0 .net "rst_n", 0 0, v0x561cb15b2ff0_0;  alias, 1 drivers
v0x561cb15a9bd0_0 .net "set_reg", 0 0, v0x561cb159dfa0_0;  alias, 1 drivers
v0x561cb15a9ca0_0 .net "sum", 15 0, L_0x561cb15b5ea0;  1 drivers
v0x561cb15a9d60_0 .net "top_in", 7 0, v0x561cb15a56c0_0;  alias, 1 drivers
L_0x561cb15b5cc0 .concat [ 8 8 0 0], v0x561cb15a56c0_0, L_0x7f65de1e3648;
L_0x561cb15b5db0 .concat [ 8 8 0 0], v0x561cb15a8ab0_0, L_0x7f65de1e3690;
L_0x561cb15b5ea0 .arith/mult 16, L_0x561cb15b5cc0, L_0x561cb15b5db0;
S_0x561cb15a9f50 .scope module, "pe30" "PE" 3 268, 6 1 0, S_0x561cb15796d0;
 .timescale 0 0;
    .port_info 0 /INPUT 1 "clk"
    .port_info 1 /INPUT 1 "rst_n"
    .port_info 2 /INPUT 1 "set_reg"
    .port_info 3 /INPUT 8 "top_in"
    .port_info 4 /INPUT 8 "left_in"
    .port_info 5 /OUTPUT 8 "right_out"
    .port_info 6 /OUTPUT 8 "bottom_out"
P_0x561cb15aa0d0 .param/l "DATA_WIDTH" 0 6 1, +C4<00000000000000000000000000001000>;
v0x561cb15aa2e0_0 .net *"_s0", 15 0, L_0x561cb15b5fe0;  1 drivers
L_0x7f65de1e36d8 .functor BUFT 1, C4<00000000>, C4<0>, C4<0>, C4<0>;
v0x561cb15aa3e0_0 .net *"_s3", 7 0, L_0x7f65de1e36d8;  1 drivers
v0x561cb15aa4c0_0 .net *"_s4", 15 0, L_0x561cb15b60d0;  1 drivers
L_0x7f65de1e3720 .functor BUFT 1, C4<00000000>, C4<0>, C4<0>, C4<0>;
v0x561cb15aa5b0_0 .net *"_s7", 7 0, L_0x7f65de1e3720;  1 drivers
v0x561cb15aa690_0 .var "bottom_out", 7 0;
v0x561cb15aa7c0_0 .net "clk", 0 0, v0x561cb15b2450_0;  alias, 1 drivers
v0x561cb15aa860_0 .net "left_in", 7 0, v0x561cb15992f0_0;  alias, 1 drivers
v0x561cb15aa920_0 .var "result", 15 0;
v0x561cb15aa9e0_0 .var "right_out", 7 0;
v0x561cb15aaac0_0 .net "rst_n", 0 0, v0x561cb15b2ff0_0;  alias, 1 drivers
v0x561cb15aab60_0 .net "set_reg", 0 0, v0x561cb159de20_0;  alias, 1 drivers
v0x561cb15aac90_0 .net "sum", 15 0, L_0x561cb15b61c0;  1 drivers
v0x561cb15aad70_0 .net "top_in", 7 0, v0x561cb15a6860_0;  alias, 1 drivers
L_0x561cb15b5fe0 .concat [ 8 8 0 0], v0x561cb15a6860_0, L_0x7f65de1e36d8;
L_0x561cb15b60d0 .concat [ 8 8 0 0], v0x561cb15992f0_0, L_0x7f65de1e3720;
L_0x561cb15b61c0 .arith/mult 16, L_0x561cb15b5fe0, L_0x561cb15b60d0;
S_0x561cb15aaf60 .scope module, "pe31" "PE" 3 277, 6 1 0, S_0x561cb15796d0;
 .timescale 0 0;
    .port_info 0 /INPUT 1 "clk"
    .port_info 1 /INPUT 1 "rst_n"
    .port_info 2 /INPUT 1 "set_reg"
    .port_info 3 /INPUT 8 "top_in"
    .port_info 4 /INPUT 8 "left_in"
    .port_info 5 /OUTPUT 8 "right_out"
    .port_info 6 /OUTPUT 8 "bottom_out"
P_0x561cb15aa730 .param/l "DATA_WIDTH" 0 6 1, +C4<00000000000000000000000000001000>;
v0x561cb15ab2a0_0 .net *"_s0", 15 0, L_0x561cb15b6300;  1 drivers
L_0x7f65de1e3768 .functor BUFT 1, C4<00000000>, C4<0>, C4<0>, C4<0>;
v0x561cb15ab3a0_0 .net *"_s3", 7 0, L_0x7f65de1e3768;  1 drivers
v0x561cb15ab480_0 .net *"_s4", 15 0, L_0x561cb15b63f0;  1 drivers
L_0x7f65de1e37b0 .functor BUFT 1, C4<00000000>, C4<0>, C4<0>, C4<0>;
v0x561cb15ab570_0 .net *"_s7", 7 0, L_0x7f65de1e37b0;  1 drivers
v0x561cb15ab650_0 .var "bottom_out", 7 0;
v0x561cb15ab780_0 .net "clk", 0 0, v0x561cb15b2450_0;  alias, 1 drivers
v0x561cb15ab820_0 .net "left_in", 7 0, v0x561cb15aa9e0_0;  alias, 1 drivers
v0x561cb15ab8e0_0 .var "result", 15 0;
v0x561cb15ab9a0_0 .var "right_out", 7 0;
v0x561cb15aba80_0 .net "rst_n", 0 0, v0x561cb15b2ff0_0;  alias, 1 drivers
v0x561cb15abb20_0 .net "set_reg", 0 0, v0x561cb159dee0_0;  alias, 1 drivers
v0x561cb15abbc0_0 .net "sum", 15 0, L_0x561cb15b6510;  1 drivers
v0x561cb15abca0_0 .net "top_in", 7 0, v0x561cb15a77e0_0;  alias, 1 drivers
L_0x561cb15b6300 .concat [ 8 8 0 0], v0x561cb15a77e0_0, L_0x7f65de1e3768;
L_0x561cb15b63f0 .concat [ 8 8 0 0], v0x561cb15aa9e0_0, L_0x7f65de1e37b0;
L_0x561cb15b6510 .arith/mult 16, L_0x561cb15b6300, L_0x561cb15b63f0;
S_0x561cb15abe90 .scope module, "pe32" "PE" 3 286, 6 1 0, S_0x561cb15796d0;
 .timescale 0 0;
    .port_info 0 /INPUT 1 "clk"
    .port_info 1 /INPUT 1 "rst_n"
    .port_info 2 /INPUT 1 "set_reg"
    .port_info 3 /INPUT 8 "top_in"
    .port_info 4 /INPUT 8 "left_in"
    .port_info 5 /OUTPUT 8 "right_out"
    .port_info 6 /OUTPUT 8 "bottom_out"
P_0x561cb15ac010 .param/l "DATA_WIDTH" 0 6 1, +C4<00000000000000000000000000001000>;
v0x561cb15ac220_0 .net *"_s0", 15 0, L_0x561cb15b6650;  1 drivers
L_0x7f65de1e37f8 .functor BUFT 1, C4<00000000>, C4<0>, C4<0>, C4<0>;
v0x561cb15ac320_0 .net *"_s3", 7 0, L_0x7f65de1e37f8;  1 drivers
v0x561cb15ac400_0 .net *"_s4", 15 0, L_0x561cb15b6740;  1 drivers
L_0x7f65de1e3840 .functor BUFT 1, C4<00000000>, C4<0>, C4<0>, C4<0>;
v0x561cb15ac4f0_0 .net *"_s7", 7 0, L_0x7f65de1e3840;  1 drivers
v0x561cb15ac5d0_0 .var "bottom_out", 7 0;
v0x561cb15ac700_0 .net "clk", 0 0, v0x561cb15b2450_0;  alias, 1 drivers
v0x561cb15ac7a0_0 .net "left_in", 7 0, v0x561cb15ab9a0_0;  alias, 1 drivers
v0x561cb15ac860_0 .var "result", 15 0;
v0x561cb15ac920_0 .var "right_out", 7 0;
v0x561cb15aca00_0 .net "rst_n", 0 0, v0x561cb15b2ff0_0;  alias, 1 drivers
v0x561cb15acaa0_0 .net "set_reg", 0 0, v0x561cb159dfa0_0;  alias, 1 drivers
v0x561cb15acb40_0 .net "sum", 15 0, L_0x561cb15b6860;  1 drivers
v0x561cb15acc20_0 .net "top_in", 7 0, v0x561cb15a8760_0;  alias, 1 drivers
L_0x561cb15b6650 .concat [ 8 8 0 0], v0x561cb15a8760_0, L_0x7f65de1e37f8;
L_0x561cb15b6740 .concat [ 8 8 0 0], v0x561cb15ab9a0_0, L_0x7f65de1e3840;
L_0x561cb15b6860 .arith/mult 16, L_0x561cb15b6650, L_0x561cb15b6740;
S_0x561cb15acde0 .scope module, "pe33" "PE" 3 295, 6 1 0, S_0x561cb15796d0;
 .timescale 0 0;
    .port_info 0 /INPUT 1 "clk"
    .port_info 1 /INPUT 1 "rst_n"
    .port_info 2 /INPUT 1 "set_reg"
    .port_info 3 /INPUT 8 "top_in"
    .port_info 4 /INPUT 8 "left_in"
    .port_info 5 /OUTPUT 8 "right_out"
    .port_info 6 /OUTPUT 8 "bottom_out"
P_0x561cb15acfb0 .param/l "DATA_WIDTH" 0 6 1, +C4<00000000000000000000000000001000>;
v0x561cb15ad1c0_0 .net *"_s0", 15 0, L_0x561cb15b69a0;  1 drivers
L_0x7f65de1e3888 .functor BUFT 1, C4<00000000>, C4<0>, C4<0>, C4<0>;
v0x561cb15ad2c0_0 .net *"_s3", 7 0, L_0x7f65de1e3888;  1 drivers
v0x561cb15ad3a0_0 .net *"_s4", 15 0, L_0x561cb15b6a90;  1 drivers
L_0x7f65de1e38d0 .functor BUFT 1, C4<00000000>, C4<0>, C4<0>, C4<0>;
v0x561cb15ad490_0 .net *"_s7", 7 0, L_0x7f65de1e38d0;  1 drivers
v0x561cb15ad570_0 .var "bottom_out", 7 0;
v0x561cb15ad6a0_0 .net "clk", 0 0, v0x561cb15b2450_0;  alias, 1 drivers
v0x561cb15ad740_0 .net "left_in", 7 0, v0x561cb15ac920_0;  alias, 1 drivers
v0x561cb15ad800_0 .var "result", 15 0;
v0x561cb15ad8c0_0 .var "right_out", 7 0;
v0x561cb15ad9a0_0 .net "rst_n", 0 0, v0x561cb15b2ff0_0;  alias, 1 drivers
v0x561cb15ada40_0 .net "set_reg", 0 0, v0x561cb159e060_0;  alias, 1 drivers
v0x561cb15adb10_0 .net "sum", 15 0, L_0x561cb15b6bb0;  1 drivers
v0x561cb15adbd0_0 .net "top_in", 7 0, v0x561cb15a9700_0;  alias, 1 drivers
L_0x561cb15b69a0 .concat [ 8 8 0 0], v0x561cb15a9700_0, L_0x7f65de1e3888;
L_0x561cb15b6a90 .concat [ 8 8 0 0], v0x561cb15ac920_0, L_0x7f65de1e38d0;
L_0x561cb15b6bb0 .arith/mult 16, L_0x561cb15b69a0, L_0x561cb15b6a90;
    .scope S_0x561cb1576b70;
T_0 ;
    %wait E_0x561cb14ed9d0;
    %load/vec4 v0x561cb1538a50_0;
    %nor/r;
    %flag_set/vec4 8;
    %jmp/0xz  T_0.0, 8;
    %pushi/vec4 0, 0, 8;
    %assign/vec4 v0x561cb153b170_0, 0;
    %pushi/vec4 0, 0, 8;
    %ix/load 3, 3, 0;
    %flag_set/imm 4, 0;
    %ix/load 4, 0, 0; Constant delay
    %assign/vec4/a/d v0x561cb1540190, 0, 4;
    %pushi/vec4 0, 0, 8;
    %ix/load 3, 2, 0;
    %flag_set/imm 4, 0;
    %ix/load 4, 0, 0; Constant delay
    %assign/vec4/a/d v0x561cb1540190, 0, 4;
    %pushi/vec4 0, 0, 8;
    %ix/load 3, 1, 0;
    %flag_set/imm 4, 0;
    %ix/load 4, 0, 0; Constant delay
    %assign/vec4/a/d v0x561cb1540190, 0, 4;
    %pushi/vec4 0, 0, 8;
    %ix/load 3, 0, 0;
    %flag_set/imm 4, 0;
    %ix/load 4, 0, 0; Constant delay
    %assign/vec4/a/d v0x561cb1540190, 0, 4;
    %jmp T_0.1;
T_0.0 ;
    %load/vec4 v0x561cb15389b0_0;
    %flag_set/vec4 8;
    %jmp/0xz  T_0.2, 8;
    %ix/load 4, 3, 0;
    %flag_set/imm 4, 0;
    %load/vec4a v0x561cb1540190, 4;
    %assign/vec4 v0x561cb153b170_0, 0;
    %ix/load 4, 2, 0;
    %flag_set/imm 4, 0;
    %load/vec4a v0x561cb1540190, 4;
    %ix/load 3, 3, 0;
    %flag_set/imm 4, 0;
    %ix/load 4, 0, 0; Constant delay
    %assign/vec4/a/d v0x561cb1540190, 0, 4;
    %ix/load 4, 1, 0;
    %flag_set/imm 4, 0;
    %load/vec4a v0x561cb1540190, 4;
    %ix/load 3, 2, 0;
    %flag_set/imm 4, 0;
    %ix/load 4, 0, 0; Constant delay
    %assign/vec4/a/d v0x561cb1540190, 0, 4;
    %ix/load 4, 0, 0;
    %flag_set/imm 4, 0;
    %load/vec4a v0x561cb1540190, 4;
    %ix/load 3, 1, 0;
    %flag_set/imm 4, 0;
    %ix/load 4, 0, 0; Constant delay
    %assign/vec4/a/d v0x561cb1540190, 0, 4;
    %load/vec4 v0x561cb153d9d0_0;
    %ix/load 3, 0, 0;
    %flag_set/imm 4, 0;
    %ix/load 4, 0, 0; Constant delay
    %assign/vec4/a/d v0x561cb1540190, 0, 4;
    %jmp T_0.3;
T_0.2 ;
    %pushi/vec4 0, 0, 32;
    %store/vec4 v0x561cb153b210_0, 0, 32;
T_0.4 ;
    %load/vec4 v0x561cb153b210_0;
    %cmpi/s 4, 0, 32;
    %jmp/0xz T_0.5, 5;
    %ix/getv/s 4, v0x561cb153b210_0;
    %load/vec4a v0x561cb1540190, 4;
    %ix/getv/s 3, v0x561cb153b210_0;
    %ix/load 4, 0, 0; Constant delay
    %assign/vec4/a/d v0x561cb1540190, 0, 4;
    %load/vec4 v0x561cb153b210_0;
    %addi 1, 0, 32;
    %store/vec4 v0x561cb153b210_0, 0, 32;
    %jmp T_0.4;
T_0.5 ;
T_0.3 ;
T_0.1 ;
    %jmp T_0;
    .thread T_0;
    .scope S_0x561cb1597a10;
T_1 ;
    %wait E_0x561cb14ed9d0;
    %load/vec4 v0x561cb15981c0_0;
    %nor/r;
    %flag_set/vec4 8;
    %jmp/0xz  T_1.0, 8;
    %pushi/vec4 0, 0, 8;
    %assign/vec4 v0x561cb1597f50_0, 0;
    %pushi/vec4 0, 0, 8;
    %ix/load 3, 3, 0;
    %flag_set/imm 4, 0;
    %ix/load 4, 0, 0; Constant delay
    %assign/vec4/a/d v0x561cb1597ca0, 0, 4;
    %pushi/vec4 0, 0, 8;
    %ix/load 3, 2, 0;
    %flag_set/imm 4, 0;
    %ix/load 4, 0, 0; Constant delay
    %assign/vec4/a/d v0x561cb1597ca0, 0, 4;
    %pushi/vec4 0, 0, 8;
    %ix/load 3, 1, 0;
    %flag_set/imm 4, 0;
    %ix/load 4, 0, 0; Constant delay
    %assign/vec4/a/d v0x561cb1597ca0, 0, 4;
    %pushi/vec4 0, 0, 8;
    %ix/load 3, 0, 0;
    %flag_set/imm 4, 0;
    %ix/load 4, 0, 0; Constant delay
    %assign/vec4/a/d v0x561cb1597ca0, 0, 4;
    %jmp T_1.1;
T_1.0 ;
    %load/vec4 v0x561cb1598100_0;
    %flag_set/vec4 8;
    %jmp/0xz  T_1.2, 8;
    %ix/load 4, 3, 0;
    %flag_set/imm 4, 0;
    %load/vec4a v0x561cb1597ca0, 4;
    %assign/vec4 v0x561cb1597f50_0, 0;
    %ix/load 4, 2, 0;
    %flag_set/imm 4, 0;
    %load/vec4a v0x561cb1597ca0, 4;
    %ix/load 3, 3, 0;
    %flag_set/imm 4, 0;
    %ix/load 4, 0, 0; Constant delay
    %assign/vec4/a/d v0x561cb1597ca0, 0, 4;
    %ix/load 4, 1, 0;
    %flag_set/imm 4, 0;
    %load/vec4a v0x561cb1597ca0, 4;
    %ix/load 3, 2, 0;
    %flag_set/imm 4, 0;
    %ix/load 4, 0, 0; Constant delay
    %assign/vec4/a/d v0x561cb1597ca0, 0, 4;
    %ix/load 4, 0, 0;
    %flag_set/imm 4, 0;
    %load/vec4a v0x561cb1597ca0, 4;
    %ix/load 3, 1, 0;
    %flag_set/imm 4, 0;
    %ix/load 4, 0, 0; Constant delay
    %assign/vec4/a/d v0x561cb1597ca0, 0, 4;
    %load/vec4 v0x561cb1597e50_0;
    %ix/load 3, 0, 0;
    %flag_set/imm 4, 0;
    %ix/load 4, 0, 0; Constant delay
    %assign/vec4/a/d v0x561cb1597ca0, 0, 4;
    %jmp T_1.3;
T_1.2 ;
    %pushi/vec4 0, 0, 32;
    %store/vec4 v0x561cb1597ff0_0, 0, 32;
T_1.4 ;
    %load/vec4 v0x561cb1597ff0_0;
    %cmpi/s 4, 0, 32;
    %jmp/0xz T_1.5, 5;
    %ix/getv/s 4, v0x561cb1597ff0_0;
    %load/vec4a v0x561cb1597ca0, 4;
    %ix/getv/s 3, v0x561cb1597ff0_0;
    %ix/load 4, 0, 0; Constant delay
    %assign/vec4/a/d v0x561cb1597ca0, 0, 4;
    %load/vec4 v0x561cb1597ff0_0;
    %addi 1, 0, 32;
    %store/vec4 v0x561cb1597ff0_0, 0, 32;
    %jmp T_1.4;
T_1.5 ;
T_1.3 ;
T_1.1 ;
    %jmp T_1;
    .thread T_1;
    .scope S_0x561cb1598310;
T_2 ;
    %wait E_0x561cb14ed9d0;
    %load/vec4 v0x561cb1598c00_0;
    %nor/r;
    %flag_set/vec4 8;
    %jmp/0xz  T_2.0, 8;
    %pushi/vec4 0, 0, 8;
    %assign/vec4 v0x561cb1598950_0, 0;
    %pushi/vec4 0, 0, 8;
    %ix/load 3, 3, 0;
    %flag_set/imm 4, 0;
    %ix/load 4, 0, 0; Constant delay
    %assign/vec4/a/d v0x561cb1598690, 0, 4;
    %pushi/vec4 0, 0, 8;
    %ix/load 3, 2, 0;
    %flag_set/imm 4, 0;
    %ix/load 4, 0, 0; Constant delay
    %assign/vec4/a/d v0x561cb1598690, 0, 4;
    %pushi/vec4 0, 0, 8;
    %ix/load 3, 1, 0;
    %flag_set/imm 4, 0;
    %ix/load 4, 0, 0; Constant delay
    %assign/vec4/a/d v0x561cb1598690, 0, 4;
    %pushi/vec4 0, 0, 8;
    %ix/load 3, 0, 0;
    %flag_set/imm 4, 0;
    %ix/load 4, 0, 0; Constant delay
    %assign/vec4/a/d v0x561cb1598690, 0, 4;
    %jmp T_2.1;
T_2.0 ;
    %load/vec4 v0x561cb1598b40_0;
    %flag_set/vec4 8;
    %jmp/0xz  T_2.2, 8;
    %ix/load 4, 3, 0;
    %flag_set/imm 4, 0;
    %load/vec4a v0x561cb1598690, 4;
    %assign/vec4 v0x561cb1598950_0, 0;
    %ix/load 4, 2, 0;
    %flag_set/imm 4, 0;
    %load/vec4a v0x561cb1598690, 4;
    %ix/load 3, 3, 0;
    %flag_set/imm 4, 0;
    %ix/load 4, 0, 0; Constant delay
    %assign/vec4/a/d v0x561cb1598690, 0, 4;
    %ix/load 4, 1, 0;
    %flag_set/imm 4, 0;
    %load/vec4a v0x561cb1598690, 4;
    %ix/load 3, 2, 0;
    %flag_set/imm 4, 0;
    %ix/load 4, 0, 0; Constant delay
    %assign/vec4/a/d v0x561cb1598690, 0, 4;
    %ix/load 4, 0, 0;
    %flag_set/imm 4, 0;
    %load/vec4a v0x561cb1598690, 4;
    %ix/load 3, 1, 0;
    %flag_set/imm 4, 0;
    %ix/load 4, 0, 0; Constant delay
    %assign/vec4/a/d v0x561cb1598690, 0, 4;
    %load/vec4 v0x561cb1598860_0;
    %ix/load 3, 0, 0;
    %flag_set/imm 4, 0;
    %ix/load 4, 0, 0; Constant delay
    %assign/vec4/a/d v0x561cb1598690, 0, 4;
    %jmp T_2.3;
T_2.2 ;
    %pushi/vec4 0, 0, 32;
    %store/vec4 v0x561cb1598a10_0, 0, 32;
T_2.4 ;
    %load/vec4 v0x561cb1598a10_0;
    %cmpi/s 4, 0, 32;
    %jmp/0xz T_2.5, 5;
    %ix/getv/s 4, v0x561cb1598a10_0;
    %load/vec4a v0x561cb1598690, 4;
    %ix/getv/s 3, v0x561cb1598a10_0;
    %ix/load 4, 0, 0; Constant delay
    %assign/vec4/a/d v0x561cb1598690, 0, 4;
    %load/vec4 v0x561cb1598a10_0;
    %addi 1, 0, 32;
    %store/vec4 v0x561cb1598a10_0, 0, 32;
    %jmp T_2.4;
T_2.5 ;
T_2.3 ;
T_2.1 ;
    %jmp T_2;
    .thread T_2;
    .scope S_0x561cb1598d90;
T_3 ;
    %wait E_0x561cb14ed9d0;
    %load/vec4 v0x561cb15995a0_0;
    %nor/r;
    %flag_set/vec4 8;
    %jmp/0xz  T_3.0, 8;
    %pushi/vec4 0, 0, 8;
    %assign/vec4 v0x561cb15992f0_0, 0;
    %pushi/vec4 0, 0, 8;
    %ix/load 3, 3, 0;
    %flag_set/imm 4, 0;
    %ix/load 4, 0, 0; Constant delay
    %assign/vec4/a/d v0x561cb1599080, 0, 4;
    %pushi/vec4 0, 0, 8;
    %ix/load 3, 2, 0;
    %flag_set/imm 4, 0;
    %ix/load 4, 0, 0; Constant delay
    %assign/vec4/a/d v0x561cb1599080, 0, 4;
    %pushi/vec4 0, 0, 8;
    %ix/load 3, 1, 0;
    %flag_set/imm 4, 0;
    %ix/load 4, 0, 0; Constant delay
    %assign/vec4/a/d v0x561cb1599080, 0, 4;
    %pushi/vec4 0, 0, 8;
    %ix/load 3, 0, 0;
    %flag_set/imm 4, 0;
    %ix/load 4, 0, 0; Constant delay
    %assign/vec4/a/d v0x561cb1599080, 0, 4;
    %jmp T_3.1;
T_3.0 ;
    %load/vec4 v0x561cb15994e0_0;
    %flag_set/vec4 8;
    %jmp/0xz  T_3.2, 8;
    %ix/load 4, 3, 0;
    %flag_set/imm 4, 0;
    %load/vec4a v0x561cb1599080, 4;
    %assign/vec4 v0x561cb15992f0_0, 0;
    %ix/load 4, 2, 0;
    %flag_set/imm 4, 0;
    %load/vec4a v0x561cb1599080, 4;
    %ix/load 3, 3, 0;
    %flag_set/imm 4, 0;
    %ix/load 4, 0, 0; Constant delay
    %assign/vec4/a/d v0x561cb1599080, 0, 4;
    %ix/load 4, 1, 0;
    %flag_set/imm 4, 0;
    %load/vec4a v0x561cb1599080, 4;
    %ix/load 3, 2, 0;
    %flag_set/imm 4, 0;
    %ix/load 4, 0, 0; Constant delay
    %assign/vec4/a/d v0x561cb1599080, 0, 4;
    %ix/load 4, 0, 0;
    %flag_set/imm 4, 0;
    %load/vec4a v0x561cb1599080, 4;
    %ix/load 3, 1, 0;
    %flag_set/imm 4, 0;
    %ix/load 4, 0, 0; Constant delay
    %assign/vec4/a/d v0x561cb1599080, 0, 4;
    %load/vec4 v0x561cb1599220_0;
    %ix/load 3, 0, 0;
    %flag_set/imm 4, 0;
    %ix/load 4, 0, 0; Constant delay
    %assign/vec4/a/d v0x561cb1599080, 0, 4;
    %jmp T_3.3;
T_3.2 ;
    %pushi/vec4 0, 0, 32;
    %store/vec4 v0x561cb15993b0_0, 0, 32;
T_3.4 ;
    %load/vec4 v0x561cb15993b0_0;
    %cmpi/s 4, 0, 32;
    %jmp/0xz T_3.5, 5;
    %ix/getv/s 4, v0x561cb15993b0_0;
    %load/vec4a v0x561cb1599080, 4;
    %ix/getv/s 3, v0x561cb15993b0_0;
    %ix/load 4, 0, 0; Constant delay
    %assign/vec4/a/d v0x561cb1599080, 0, 4;
    %load/vec4 v0x561cb15993b0_0;
    %addi 1, 0, 32;
    %store/vec4 v0x561cb15993b0_0, 0, 32;
    %jmp T_3.4;
T_3.5 ;
T_3.3 ;
T_3.1 ;
    %jmp T_3;
    .thread T_3;
    .scope S_0x561cb15996e0;
T_4 ;
    %wait E_0x561cb14ed9d0;
    %load/vec4 v0x561cb1599f40_0;
    %nor/r;
    %flag_set/vec4 8;
    %jmp/0xz  T_4.0, 8;
    %pushi/vec4 0, 0, 8;
    %assign/vec4 v0x561cb1599cc0_0, 0;
    %pushi/vec4 0, 0, 8;
    %ix/load 3, 3, 0;
    %flag_set/imm 4, 0;
    %ix/load 4, 0, 0; Constant delay
    %assign/vec4/a/d v0x561cb1599a50, 0, 4;
    %pushi/vec4 0, 0, 8;
    %ix/load 3, 2, 0;
    %flag_set/imm 4, 0;
    %ix/load 4, 0, 0; Constant delay
    %assign/vec4/a/d v0x561cb1599a50, 0, 4;
    %pushi/vec4 0, 0, 8;
    %ix/load 3, 1, 0;
    %flag_set/imm 4, 0;
    %ix/load 4, 0, 0; Constant delay
    %assign/vec4/a/d v0x561cb1599a50, 0, 4;
    %pushi/vec4 0, 0, 8;
    %ix/load 3, 0, 0;
    %flag_set/imm 4, 0;
    %ix/load 4, 0, 0; Constant delay
    %assign/vec4/a/d v0x561cb1599a50, 0, 4;
    %jmp T_4.1;
T_4.0 ;
    %load/vec4 v0x561cb1599e80_0;
    %flag_set/vec4 8;
    %jmp/0xz  T_4.2, 8;
    %ix/load 4, 3, 0;
    %flag_set/imm 4, 0;
    %load/vec4a v0x561cb1599a50, 4;
    %assign/vec4 v0x561cb1599cc0_0, 0;
    %ix/load 4, 2, 0;
    %flag_set/imm 4, 0;
    %load/vec4a v0x561cb1599a50, 4;
    %ix/load 3, 3, 0;
    %flag_set/imm 4, 0;
    %ix/load 4, 0, 0; Constant delay
    %assign/vec4/a/d v0x561cb1599a50, 0, 4;
    %ix/load 4, 1, 0;
    %flag_set/imm 4, 0;
    %load/vec4a v0x561cb1599a50, 4;
    %ix/load 3, 2, 0;
    %flag_set/imm 4, 0;
    %ix/load 4, 0, 0; Constant delay
    %assign/vec4/a/d v0x561cb1599a50, 0, 4;
    %ix/load 4, 0, 0;
    %flag_set/imm 4, 0;
    %load/vec4a v0x561cb1599a50, 4;
    %ix/load 3, 1, 0;
    %flag_set/imm 4, 0;
    %ix/load 4, 0, 0; Constant delay
    %assign/vec4/a/d v0x561cb1599a50, 0, 4;
    %load/vec4 v0x561cb1599bf0_0;
    %ix/load 3, 0, 0;
    %flag_set/imm 4, 0;
    %ix/load 4, 0, 0; Constant delay
    %assign/vec4/a/d v0x561cb1599a50, 0, 4;
    %jmp T_4.3;
T_4.2 ;
    %pushi/vec4 0, 0, 32;
    %store/vec4 v0x561cb1599da0_0, 0, 32;
T_4.4 ;
    %load/vec4 v0x561cb1599da0_0;
    %cmpi/s 4, 0, 32;
    %jmp/0xz T_4.5, 5;
    %ix/getv/s 4, v0x561cb1599da0_0;
    %load/vec4a v0x561cb1599a50, 4;
    %ix/getv/s 3, v0x561cb1599da0_0;
    %ix/load 4, 0, 0; Constant delay
    %assign/vec4/a/d v0x561cb1599a50, 0, 4;
    %load/vec4 v0x561cb1599da0_0;
    %addi 1, 0, 32;
    %store/vec4 v0x561cb1599da0_0, 0, 32;
    %jmp T_4.4;
T_4.5 ;
T_4.3 ;
T_4.1 ;
    %jmp T_4;
    .thread T_4;
    .scope S_0x561cb159a080;
T_5 ;
    %wait E_0x561cb14ed9d0;
    %load/vec4 v0x561cb159a940_0;
    %nor/r;
    %flag_set/vec4 8;
    %jmp/0xz  T_5.0, 8;
    %pushi/vec4 0, 0, 8;
    %assign/vec4 v0x561cb159a6b0_0, 0;
    %pushi/vec4 0, 0, 8;
    %ix/load 3, 3, 0;
    %flag_set/imm 4, 0;
    %ix/load 4, 0, 0; Constant delay
    %assign/vec4/a/d v0x561cb159a410, 0, 4;
    %pushi/vec4 0, 0, 8;
    %ix/load 3, 2, 0;
    %flag_set/imm 4, 0;
    %ix/load 4, 0, 0; Constant delay
    %assign/vec4/a/d v0x561cb159a410, 0, 4;
    %pushi/vec4 0, 0, 8;
    %ix/load 3, 1, 0;
    %flag_set/imm 4, 0;
    %ix/load 4, 0, 0; Constant delay
    %assign/vec4/a/d v0x561cb159a410, 0, 4;
    %pushi/vec4 0, 0, 8;
    %ix/load 3, 0, 0;
    %flag_set/imm 4, 0;
    %ix/load 4, 0, 0; Constant delay
    %assign/vec4/a/d v0x561cb159a410, 0, 4;
    %jmp T_5.1;
T_5.0 ;
    %load/vec4 v0x561cb159a880_0;
    %flag_set/vec4 8;
    %jmp/0xz  T_5.2, 8;
    %ix/load 4, 3, 0;
    %flag_set/imm 4, 0;
    %load/vec4a v0x561cb159a410, 4;
    %assign/vec4 v0x561cb159a6b0_0, 0;
    %ix/load 4, 2, 0;
    %flag_set/imm 4, 0;
    %load/vec4a v0x561cb159a410, 4;
    %ix/load 3, 3, 0;
    %flag_set/imm 4, 0;
    %ix/load 4, 0, 0; Constant delay
    %assign/vec4/a/d v0x561cb159a410, 0, 4;
    %ix/load 4, 1, 0;
    %flag_set/imm 4, 0;
    %load/vec4a v0x561cb159a410, 4;
    %ix/load 3, 2, 0;
    %flag_set/imm 4, 0;
    %ix/load 4, 0, 0; Constant delay
    %assign/vec4/a/d v0x561cb159a410, 0, 4;
    %ix/load 4, 0, 0;
    %flag_set/imm 4, 0;
    %load/vec4a v0x561cb159a410, 4;
    %ix/load 3, 1, 0;
    %flag_set/imm 4, 0;
    %ix/load 4, 0, 0; Constant delay
    %assign/vec4/a/d v0x561cb159a410, 0, 4;
    %load/vec4 v0x561cb159a5b0_0;
    %ix/load 3, 0, 0;
    %flag_set/imm 4, 0;
    %ix/load 4, 0, 0; Constant delay
    %assign/vec4/a/d v0x561cb159a410, 0, 4;
    %jmp T_5.3;
T_5.2 ;
    %pushi/vec4 0, 0, 32;
    %store/vec4 v0x561cb159a750_0, 0, 32;
T_5.4 ;
    %load/vec4 v0x561cb159a750_0;
    %cmpi/s 4, 0, 32;
    %jmp/0xz T_5.5, 5;
    %ix/getv/s 4, v0x561cb159a750_0;
    %load/vec4a v0x561cb159a410, 4;
    %ix/getv/s 3, v0x561cb159a750_0;
    %ix/load 4, 0, 0; Constant delay
    %assign/vec4/a/d v0x561cb159a410, 0, 4;
    %load/vec4 v0x561cb159a750_0;
    %addi 1, 0, 32;
    %store/vec4 v0x561cb159a750_0, 0, 32;
    %jmp T_5.4;
T_5.5 ;
T_5.3 ;
T_5.1 ;
    %jmp T_5;
    .thread T_5;
    .scope S_0x561cb159aa80;
T_6 ;
    %wait E_0x561cb14ed9d0;
    %load/vec4 v0x561cb159b3d0_0;
    %nor/r;
    %flag_set/vec4 8;
    %jmp/0xz  T_6.0, 8;
    %pushi/vec4 0, 0, 8;
    %assign/vec4 v0x561cb159b120_0, 0;
    %pushi/vec4 0, 0, 8;
    %ix/load 3, 3, 0;
    %flag_set/imm 4, 0;
    %ix/load 4, 0, 0; Constant delay
    %assign/vec4/a/d v0x561cb159ae60, 0, 4;
    %pushi/vec4 0, 0, 8;
    %ix/load 3, 2, 0;
    %flag_set/imm 4, 0;
    %ix/load 4, 0, 0; Constant delay
    %assign/vec4/a/d v0x561cb159ae60, 0, 4;
    %pushi/vec4 0, 0, 8;
    %ix/load 3, 1, 0;
    %flag_set/imm 4, 0;
    %ix/load 4, 0, 0; Constant delay
    %assign/vec4/a/d v0x561cb159ae60, 0, 4;
    %pushi/vec4 0, 0, 8;
    %ix/load 3, 0, 0;
    %flag_set/imm 4, 0;
    %ix/load 4, 0, 0; Constant delay
    %assign/vec4/a/d v0x561cb159ae60, 0, 4;
    %jmp T_6.1;
T_6.0 ;
    %load/vec4 v0x561cb159b310_0;
    %flag_set/vec4 8;
    %jmp/0xz  T_6.2, 8;
    %ix/load 4, 3, 0;
    %flag_set/imm 4, 0;
    %load/vec4a v0x561cb159ae60, 4;
    %assign/vec4 v0x561cb159b120_0, 0;
    %ix/load 4, 2, 0;
    %flag_set/imm 4, 0;
    %load/vec4a v0x561cb159ae60, 4;
    %ix/load 3, 3, 0;
    %flag_set/imm 4, 0;
    %ix/load 4, 0, 0; Constant delay
    %assign/vec4/a/d v0x561cb159ae60, 0, 4;
    %ix/load 4, 1, 0;
    %flag_set/imm 4, 0;
    %load/vec4a v0x561cb159ae60, 4;
    %ix/load 3, 2, 0;
    %flag_set/imm 4, 0;
    %ix/load 4, 0, 0; Constant delay
    %assign/vec4/a/d v0x561cb159ae60, 0, 4;
    %ix/load 4, 0, 0;
    %flag_set/imm 4, 0;
    %load/vec4a v0x561cb159ae60, 4;
    %ix/load 3, 1, 0;
    %flag_set/imm 4, 0;
    %ix/load 4, 0, 0; Constant delay
    %assign/vec4/a/d v0x561cb159ae60, 0, 4;
    %load/vec4 v0x561cb159b000_0;
    %ix/load 3, 0, 0;
    %flag_set/imm 4, 0;
    %ix/load 4, 0, 0; Constant delay
    %assign/vec4/a/d v0x561cb159ae60, 0, 4;
    %jmp T_6.3;
T_6.2 ;
    %pushi/vec4 0, 0, 32;
    %store/vec4 v0x561cb159b1e0_0, 0, 32;
T_6.4 ;
    %load/vec4 v0x561cb159b1e0_0;
    %cmpi/s 4, 0, 32;
    %jmp/0xz T_6.5, 5;
    %ix/getv/s 4, v0x561cb159b1e0_0;
    %load/vec4a v0x561cb159ae60, 4;
    %ix/getv/s 3, v0x561cb159b1e0_0;
    %ix/load 4, 0, 0; Constant delay
    %assign/vec4/a/d v0x561cb159ae60, 0, 4;
    %load/vec4 v0x561cb159b1e0_0;
    %addi 1, 0, 32;
    %store/vec4 v0x561cb159b1e0_0, 0, 32;
    %jmp T_6.4;
T_6.5 ;
T_6.3 ;
T_6.1 ;
    %jmp T_6;
    .thread T_6;
    .scope S_0x561cb159b510;
T_7 ;
    %wait E_0x561cb14ed9d0;
    %load/vec4 v0x561cb159bde0_0;
    %nor/r;
    %flag_set/vec4 8;
    %jmp/0xz  T_7.0, 8;
    %pushi/vec4 0, 0, 8;
    %assign/vec4 v0x561cb159bb30_0, 0;
    %pushi/vec4 0, 0, 8;
    %ix/load 3, 3, 0;
    %flag_set/imm 4, 0;
    %ix/load 4, 0, 0; Constant delay
    %assign/vec4/a/d v0x561cb159b8c0, 0, 4;
    %pushi/vec4 0, 0, 8;
    %ix/load 3, 2, 0;
    %flag_set/imm 4, 0;
    %ix/load 4, 0, 0; Constant delay
    %assign/vec4/a/d v0x561cb159b8c0, 0, 4;
    %pushi/vec4 0, 0, 8;
    %ix/load 3, 1, 0;
    %flag_set/imm 4, 0;
    %ix/load 4, 0, 0; Constant delay
    %assign/vec4/a/d v0x561cb159b8c0, 0, 4;
    %pushi/vec4 0, 0, 8;
    %ix/load 3, 0, 0;
    %flag_set/imm 4, 0;
    %ix/load 4, 0, 0; Constant delay
    %assign/vec4/a/d v0x561cb159b8c0, 0, 4;
    %jmp T_7.1;
T_7.0 ;
    %load/vec4 v0x561cb159bd20_0;
    %flag_set/vec4 8;
    %jmp/0xz  T_7.2, 8;
    %ix/load 4, 3, 0;
    %flag_set/imm 4, 0;
    %load/vec4a v0x561cb159b8c0, 4;
    %assign/vec4 v0x561cb159bb30_0, 0;
    %ix/load 4, 2, 0;
    %flag_set/imm 4, 0;
    %load/vec4a v0x561cb159b8c0, 4;
    %ix/load 3, 3, 0;
    %flag_set/imm 4, 0;
    %ix/load 4, 0, 0; Constant delay
    %assign/vec4/a/d v0x561cb159b8c0, 0, 4;
    %ix/load 4, 1, 0;
    %flag_set/imm 4, 0;
    %load/vec4a v0x561cb159b8c0, 4;
    %ix/load 3, 2, 0;
    %flag_set/imm 4, 0;
    %ix/load 4, 0, 0; Constant delay
    %assign/vec4/a/d v0x561cb159b8c0, 0, 4;
    %ix/load 4, 0, 0;
    %flag_set/imm 4, 0;
    %load/vec4a v0x561cb159b8c0, 4;
    %ix/load 3, 1, 0;
    %flag_set/imm 4, 0;
    %ix/load 4, 0, 0; Constant delay
    %assign/vec4/a/d v0x561cb159b8c0, 0, 4;
    %load/vec4 v0x561cb159ba60_0;
    %ix/load 3, 0, 0;
    %flag_set/imm 4, 0;
    %ix/load 4, 0, 0; Constant delay
    %assign/vec4/a/d v0x561cb159b8c0, 0, 4;
    %jmp T_7.3;
T_7.2 ;
    %pushi/vec4 0, 0, 32;
    %store/vec4 v0x561cb159bbf0_0, 0, 32;
T_7.4 ;
    %load/vec4 v0x561cb159bbf0_0;
    %cmpi/s 4, 0, 32;
    %jmp/0xz T_7.5, 5;
    %ix/getv/s 4, v0x561cb159bbf0_0;
    %load/vec4a v0x561cb159b8c0, 4;
    %ix/getv/s 3, v0x561cb159bbf0_0;
    %ix/load 4, 0, 0; Constant delay
    %assign/vec4/a/d v0x561cb159b8c0, 0, 4;
    %load/vec4 v0x561cb159bbf0_0;
    %addi 1, 0, 32;
    %store/vec4 v0x561cb159bbf0_0, 0, 32;
    %jmp T_7.4;
T_7.5 ;
T_7.3 ;
T_7.1 ;
    %jmp T_7;
    .thread T_7;
    .scope S_0x561cb159e440;
T_8 ;
    %wait E_0x561cb14ed9d0;
    %load/vec4 v0x561cb159eef0_0;
    %nor/r;
    %flag_set/vec4 8;
    %jmp/0xz  T_8.0, 8;
    %pushi/vec4 0, 0, 16;
    %assign/vec4 v0x561cb159ed50_0, 0;
    %pushi/vec4 0, 0, 8;
    %assign/vec4 v0x561cb159ee10_0, 0;
    %pushi/vec4 0, 0, 8;
    %assign/vec4 v0x561cb159eac0_0, 0;
    %jmp T_8.1;
T_8.0 ;
    %load/vec4 v0x561cb159ef90_0;
    %flag_set/vec4 8;
    %jmp/0 T_8.2, 8;
    %load/vec4 v0x561cb159ed50_0;
    %load/vec4 v0x561cb159f060_0;
    %add;
    %jmp/1 T_8.3, 8;
T_8.2 ; End of true expr.
    %load/vec4 v0x561cb159ed50_0;
    %jmp/0 T_8.3, 8;
 ; End of false expr.
    %blend;
T_8.3;
    %assign/vec4 v0x561cb159ed50_0, 0;
    %load/vec4 v0x561cb159ec90_0;
    %assign/vec4 v0x561cb159ee10_0, 0;
    %load/vec4 v0x561cb159f120_0;
    %assign/vec4 v0x561cb159eac0_0, 0;
T_8.1 ;
    %jmp T_8;
    .thread T_8;
    .scope S_0x561cb159f2d0;
T_9 ;
    %wait E_0x561cb14ed9d0;
    %load/vec4 v0x561cb159fdb0_0;
    %nor/r;
    %flag_set/vec4 8;
    %jmp/0xz  T_9.0, 8;
    %pushi/vec4 0, 0, 16;
    %assign/vec4 v0x561cb159fc10_0, 0;
    %pushi/vec4 0, 0, 8;
    %assign/vec4 v0x561cb159fcd0_0, 0;
    %pushi/vec4 0, 0, 8;
    %assign/vec4 v0x561cb159f980_0, 0;
    %jmp T_9.1;
T_9.0 ;
    %load/vec4 v0x561cb159fe50_0;
    %flag_set/vec4 8;
    %jmp/0 T_9.2, 8;
    %load/vec4 v0x561cb159fc10_0;
    %load/vec4 v0x561cb159ff20_0;
    %add;
    %jmp/1 T_9.3, 8;
T_9.2 ; End of true expr.
    %load/vec4 v0x561cb159fc10_0;
    %jmp/0 T_9.3, 8;
 ; End of false expr.
    %blend;
T_9.3;
    %assign/vec4 v0x561cb159fc10_0, 0;
    %load/vec4 v0x561cb159fb50_0;
    %assign/vec4 v0x561cb159fcd0_0, 0;
    %load/vec4 v0x561cb159ffe0_0;
    %assign/vec4 v0x561cb159f980_0, 0;
T_9.1 ;
    %jmp T_9;
    .thread T_9;
    .scope S_0x561cb15a0190;
T_10 ;
    %wait E_0x561cb14ed9d0;
    %load/vec4 v0x561cb15a0c70_0;
    %nor/r;
    %flag_set/vec4 8;
    %jmp/0xz  T_10.0, 8;
    %pushi/vec4 0, 0, 16;
    %assign/vec4 v0x561cb15a0ad0_0, 0;
    %pushi/vec4 0, 0, 8;
    %assign/vec4 v0x561cb15a0b90_0, 0;
    %pushi/vec4 0, 0, 8;
    %assign/vec4 v0x561cb15a0840_0, 0;
    %jmp T_10.1;
T_10.0 ;
    %load/vec4 v0x561cb15a0d10_0;
    %flag_set/vec4 8;
    %jmp/0 T_10.2, 8;
    %load/vec4 v0x561cb15a0ad0_0;
    %load/vec4 v0x561cb15a0de0_0;
    %add;
    %jmp/1 T_10.3, 8;
T_10.2 ; End of true expr.
    %load/vec4 v0x561cb15a0ad0_0;
    %jmp/0 T_10.3, 8;
 ; End of false expr.
    %blend;
T_10.3;
    %assign/vec4 v0x561cb15a0ad0_0, 0;
    %load/vec4 v0x561cb15a0a10_0;
    %assign/vec4 v0x561cb15a0b90_0, 0;
    %load/vec4 v0x561cb15a0ea0_0;
    %assign/vec4 v0x561cb15a0840_0, 0;
T_10.1 ;
    %jmp T_10;
    .thread T_10;
    .scope S_0x561cb15a1090;
T_11 ;
    %wait E_0x561cb14ed9d0;
    %load/vec4 v0x561cb15a1c00_0;
    %nor/r;
    %flag_set/vec4 8;
    %jmp/0xz  T_11.0, 8;
    %pushi/vec4 0, 0, 16;
    %assign/vec4 v0x561cb15a1a60_0, 0;
    %pushi/vec4 0, 0, 8;
    %assign/vec4 v0x561cb15a1b20_0, 0;
    %pushi/vec4 0, 0, 8;
    %assign/vec4 v0x561cb15a17d0_0, 0;
    %jmp T_11.1;
T_11.0 ;
    %load/vec4 v0x561cb15a1ca0_0;
    %flag_set/vec4 8;
    %jmp/0 T_11.2, 8;
    %load/vec4 v0x561cb15a1a60_0;
    %load/vec4 v0x561cb15a1d70_0;
    %add;
    %jmp/1 T_11.3, 8;
T_11.2 ; End of true expr.
    %load/vec4 v0x561cb15a1a60_0;
    %jmp/0 T_11.3, 8;
 ; End of false expr.
    %blend;
T_11.3;
    %assign/vec4 v0x561cb15a1a60_0, 0;
    %load/vec4 v0x561cb15a19a0_0;
    %assign/vec4 v0x561cb15a1b20_0, 0;
    %load/vec4 v0x561cb15a1e30_0;
    %assign/vec4 v0x561cb15a17d0_0, 0;
T_11.1 ;
    %jmp T_11;
    .thread T_11;
    .scope S_0x561cb15a2020;
T_12 ;
    %wait E_0x561cb14ed9d0;
    %load/vec4 v0x561cb15a2b90_0;
    %nor/r;
    %flag_set/vec4 8;
    %jmp/0xz  T_12.0, 8;
    %pushi/vec4 0, 0, 16;
    %assign/vec4 v0x561cb15a29f0_0, 0;
    %pushi/vec4 0, 0, 8;
    %assign/vec4 v0x561cb15a2ab0_0, 0;
    %pushi/vec4 0, 0, 8;
    %assign/vec4 v0x561cb15a2760_0, 0;
    %jmp T_12.1;
T_12.0 ;
    %load/vec4 v0x561cb15a2c30_0;
    %flag_set/vec4 8;
    %jmp/0 T_12.2, 8;
    %load/vec4 v0x561cb15a29f0_0;
    %load/vec4 v0x561cb15a2cd0_0;
    %add;
    %jmp/1 T_12.3, 8;
T_12.2 ; End of true expr.
    %load/vec4 v0x561cb15a29f0_0;
    %jmp/0 T_12.3, 8;
 ; End of false expr.
    %blend;
T_12.3;
    %assign/vec4 v0x561cb15a29f0_0, 0;
    %load/vec4 v0x561cb15a2930_0;
    %assign/vec4 v0x561cb15a2ab0_0, 0;
    %load/vec4 v0x561cb15a2db0_0;
    %assign/vec4 v0x561cb15a2760_0, 0;
T_12.1 ;
    %jmp T_12;
    .thread T_12;
    .scope S_0x561cb15a2f70;
T_13 ;
    %wait E_0x561cb14ed9d0;
    %load/vec4 v0x561cb15a3b30_0;
    %nor/r;
    %flag_set/vec4 8;
    %jmp/0xz  T_13.0, 8;
    %pushi/vec4 0, 0, 16;
    %assign/vec4 v0x561cb15a3990_0, 0;
    %pushi/vec4 0, 0, 8;
    %assign/vec4 v0x561cb15a3a50_0, 0;
    %pushi/vec4 0, 0, 8;
    %assign/vec4 v0x561cb15a3700_0, 0;
    %jmp T_13.1;
T_13.0 ;
    %load/vec4 v0x561cb15a3bd0_0;
    %flag_set/vec4 8;
    %jmp/0 T_13.2, 8;
    %load/vec4 v0x561cb15a3990_0;
    %load/vec4 v0x561cb15a3c70_0;
    %add;
    %jmp/1 T_13.3, 8;
T_13.2 ; End of true expr.
    %load/vec4 v0x561cb15a3990_0;
    %jmp/0 T_13.3, 8;
 ; End of false expr.
    %blend;
T_13.3;
    %assign/vec4 v0x561cb15a3990_0, 0;
    %load/vec4 v0x561cb15a38d0_0;
    %assign/vec4 v0x561cb15a3a50_0, 0;
    %load/vec4 v0x561cb15a3d50_0;
    %assign/vec4 v0x561cb15a3700_0, 0;
T_13.1 ;
    %jmp T_13;
    .thread T_13;
    .scope S_0x561cb15a3f10;
T_14 ;
    %wait E_0x561cb14ed9d0;
    %load/vec4 v0x561cb15a4ad0_0;
    %nor/r;
    %flag_set/vec4 8;
    %jmp/0xz  T_14.0, 8;
    %pushi/vec4 0, 0, 16;
    %assign/vec4 v0x561cb15a4930_0, 0;
    %pushi/vec4 0, 0, 8;
    %assign/vec4 v0x561cb15a49f0_0, 0;
    %pushi/vec4 0, 0, 8;
    %assign/vec4 v0x561cb15a46a0_0, 0;
    %jmp T_14.1;
T_14.0 ;
    %load/vec4 v0x561cb15a4b70_0;
    %flag_set/vec4 8;
    %jmp/0 T_14.2, 8;
    %load/vec4 v0x561cb15a4930_0;
    %load/vec4 v0x561cb15a4c10_0;
    %add;
    %jmp/1 T_14.3, 8;
T_14.2 ; End of true expr.
    %load/vec4 v0x561cb15a4930_0;
    %jmp/0 T_14.3, 8;
 ; End of false expr.
    %blend;
T_14.3;
    %assign/vec4 v0x561cb15a4930_0, 0;
    %load/vec4 v0x561cb15a4870_0;
    %assign/vec4 v0x561cb15a49f0_0, 0;
    %load/vec4 v0x561cb15a4cf0_0;
    %assign/vec4 v0x561cb15a46a0_0, 0;
T_14.1 ;
    %jmp T_14;
    .thread T_14;
    .scope S_0x561cb15a4eb0;
T_15 ;
    %wait E_0x561cb14ed9d0;
    %load/vec4 v0x561cb15a5af0_0;
    %nor/r;
    %flag_set/vec4 8;
    %jmp/0xz  T_15.0, 8;
    %pushi/vec4 0, 0, 16;
    %assign/vec4 v0x561cb15a5950_0, 0;
    %pushi/vec4 0, 0, 8;
    %assign/vec4 v0x561cb15a5a10_0, 0;
    %pushi/vec4 0, 0, 8;
    %assign/vec4 v0x561cb15a56c0_0, 0;
    %jmp T_15.1;
T_15.0 ;
    %load/vec4 v0x561cb15a5da0_0;
    %flag_set/vec4 8;
    %jmp/0 T_15.2, 8;
    %load/vec4 v0x561cb15a5950_0;
    %load/vec4 v0x561cb15a5e70_0;
    %add;
    %jmp/1 T_15.3, 8;
T_15.2 ; End of true expr.
    %load/vec4 v0x561cb15a5950_0;
    %jmp/0 T_15.3, 8;
 ; End of false expr.
    %blend;
T_15.3;
    %assign/vec4 v0x561cb15a5950_0, 0;
    %load/vec4 v0x561cb15a5890_0;
    %assign/vec4 v0x561cb15a5a10_0, 0;
    %load/vec4 v0x561cb15a5f30_0;
    %assign/vec4 v0x561cb15a56c0_0, 0;
T_15.1 ;
    %jmp T_15;
    .thread T_15;
    .scope S_0x561cb15a6120;
T_16 ;
    %wait E_0x561cb14ed9d0;
    %load/vec4 v0x561cb15a6c90_0;
    %nor/r;
    %flag_set/vec4 8;
    %jmp/0xz  T_16.0, 8;
    %pushi/vec4 0, 0, 16;
    %assign/vec4 v0x561cb15a6af0_0, 0;
    %pushi/vec4 0, 0, 8;
    %assign/vec4 v0x561cb15a6bb0_0, 0;
    %pushi/vec4 0, 0, 8;
    %assign/vec4 v0x561cb15a6860_0, 0;
    %jmp T_16.1;
T_16.0 ;
    %load/vec4 v0x561cb15a6d30_0;
    %flag_set/vec4 8;
    %jmp/0 T_16.2, 8;
    %load/vec4 v0x561cb15a6af0_0;
    %load/vec4 v0x561cb15a6dd0_0;
    %add;
    %jmp/1 T_16.3, 8;
T_16.2 ; End of true expr.
    %load/vec4 v0x561cb15a6af0_0;
    %jmp/0 T_16.3, 8;
 ; End of false expr.
    %blend;
T_16.3;
    %assign/vec4 v0x561cb15a6af0_0, 0;
    %load/vec4 v0x561cb15a6a30_0;
    %assign/vec4 v0x561cb15a6bb0_0, 0;
    %load/vec4 v0x561cb15a6eb0_0;
    %assign/vec4 v0x561cb15a6860_0, 0;
T_16.1 ;
    %jmp T_16;
    .thread T_16;
    .scope S_0x561cb15a70a0;
T_17 ;
    %wait E_0x561cb14ed9d0;
    %load/vec4 v0x561cb15a7c10_0;
    %nor/r;
    %flag_set/vec4 8;
    %jmp/0xz  T_17.0, 8;
    %pushi/vec4 0, 0, 16;
    %assign/vec4 v0x561cb15a7a70_0, 0;
    %pushi/vec4 0, 0, 8;
    %assign/vec4 v0x561cb15a7b30_0, 0;
    %pushi/vec4 0, 0, 8;
    %assign/vec4 v0x561cb15a77e0_0, 0;
    %jmp T_17.1;
T_17.0 ;
    %load/vec4 v0x561cb15a7cb0_0;
    %flag_set/vec4 8;
    %jmp/0 T_17.2, 8;
    %load/vec4 v0x561cb15a7a70_0;
    %load/vec4 v0x561cb15a7d50_0;
    %add;
    %jmp/1 T_17.3, 8;
T_17.2 ; End of true expr.
    %load/vec4 v0x561cb15a7a70_0;
    %jmp/0 T_17.3, 8;
 ; End of false expr.
    %blend;
T_17.3;
    %assign/vec4 v0x561cb15a7a70_0, 0;
    %load/vec4 v0x561cb15a79b0_0;
    %assign/vec4 v0x561cb15a7b30_0, 0;
    %load/vec4 v0x561cb15a7e30_0;
    %assign/vec4 v0x561cb15a77e0_0, 0;
T_17.1 ;
    %jmp T_17;
    .thread T_17;
    .scope S_0x561cb15a8020;
T_18 ;
    %wait E_0x561cb14ed9d0;
    %load/vec4 v0x561cb15a8b90_0;
    %nor/r;
    %flag_set/vec4 8;
    %jmp/0xz  T_18.0, 8;
    %pushi/vec4 0, 0, 16;
    %assign/vec4 v0x561cb15a89f0_0, 0;
    %pushi/vec4 0, 0, 8;
    %assign/vec4 v0x561cb15a8ab0_0, 0;
    %pushi/vec4 0, 0, 8;
    %assign/vec4 v0x561cb15a8760_0, 0;
    %jmp T_18.1;
T_18.0 ;
    %load/vec4 v0x561cb15a8c30_0;
    %flag_set/vec4 8;
    %jmp/0 T_18.2, 8;
    %load/vec4 v0x561cb15a89f0_0;
    %load/vec4 v0x561cb15a8cd0_0;
    %add;
    %jmp/1 T_18.3, 8;
T_18.2 ; End of true expr.
    %load/vec4 v0x561cb15a89f0_0;
    %jmp/0 T_18.3, 8;
 ; End of false expr.
    %blend;
T_18.3;
    %assign/vec4 v0x561cb15a89f0_0, 0;
    %load/vec4 v0x561cb15a8930_0;
    %assign/vec4 v0x561cb15a8ab0_0, 0;
    %load/vec4 v0x561cb15a8db0_0;
    %assign/vec4 v0x561cb15a8760_0, 0;
T_18.1 ;
    %jmp T_18;
    .thread T_18;
    .scope S_0x561cb15a8f70;
T_19 ;
    %wait E_0x561cb14ed9d0;
    %load/vec4 v0x561cb15a9b30_0;
    %nor/r;
    %flag_set/vec4 8;
    %jmp/0xz  T_19.0, 8;
    %pushi/vec4 0, 0, 16;
    %assign/vec4 v0x561cb15a9990_0, 0;
    %pushi/vec4 0, 0, 8;
    %assign/vec4 v0x561cb15a9a50_0, 0;
    %pushi/vec4 0, 0, 8;
    %assign/vec4 v0x561cb15a9700_0, 0;
    %jmp T_19.1;
T_19.0 ;
    %load/vec4 v0x561cb15a9bd0_0;
    %flag_set/vec4 8;
    %jmp/0 T_19.2, 8;
    %load/vec4 v0x561cb15a9990_0;
    %load/vec4 v0x561cb15a9ca0_0;
    %add;
    %jmp/1 T_19.3, 8;
T_19.2 ; End of true expr.
    %load/vec4 v0x561cb15a9990_0;
    %jmp/0 T_19.3, 8;
 ; End of false expr.
    %blend;
T_19.3;
    %assign/vec4 v0x561cb15a9990_0, 0;
    %load/vec4 v0x561cb15a98d0_0;
    %assign/vec4 v0x561cb15a9a50_0, 0;
    %load/vec4 v0x561cb15a9d60_0;
    %assign/vec4 v0x561cb15a9700_0, 0;
T_19.1 ;
    %jmp T_19;
    .thread T_19;
    .scope S_0x561cb15a9f50;
T_20 ;
    %wait E_0x561cb14ed9d0;
    %load/vec4 v0x561cb15aaac0_0;
    %nor/r;
    %flag_set/vec4 8;
    %jmp/0xz  T_20.0, 8;
    %pushi/vec4 0, 0, 16;
    %assign/vec4 v0x561cb15aa920_0, 0;
    %pushi/vec4 0, 0, 8;
    %assign/vec4 v0x561cb15aa9e0_0, 0;
    %pushi/vec4 0, 0, 8;
    %assign/vec4 v0x561cb15aa690_0, 0;
    %jmp T_20.1;
T_20.0 ;
    %load/vec4 v0x561cb15aab60_0;
    %flag_set/vec4 8;
    %jmp/0 T_20.2, 8;
    %load/vec4 v0x561cb15aa920_0;
    %load/vec4 v0x561cb15aac90_0;
    %add;
    %jmp/1 T_20.3, 8;
T_20.2 ; End of true expr.
    %load/vec4 v0x561cb15aa920_0;
    %jmp/0 T_20.3, 8;
 ; End of false expr.
    %blend;
T_20.3;
    %assign/vec4 v0x561cb15aa920_0, 0;
    %load/vec4 v0x561cb15aa860_0;
    %assign/vec4 v0x561cb15aa9e0_0, 0;
    %load/vec4 v0x561cb15aad70_0;
    %assign/vec4 v0x561cb15aa690_0, 0;
T_20.1 ;
    %jmp T_20;
    .thread T_20;
    .scope S_0x561cb15aaf60;
T_21 ;
    %wait E_0x561cb14ed9d0;
    %load/vec4 v0x561cb15aba80_0;
    %nor/r;
    %flag_set/vec4 8;
    %jmp/0xz  T_21.0, 8;
    %pushi/vec4 0, 0, 16;
    %assign/vec4 v0x561cb15ab8e0_0, 0;
    %pushi/vec4 0, 0, 8;
    %assign/vec4 v0x561cb15ab9a0_0, 0;
    %pushi/vec4 0, 0, 8;
    %assign/vec4 v0x561cb15ab650_0, 0;
    %jmp T_21.1;
T_21.0 ;
    %load/vec4 v0x561cb15abb20_0;
    %flag_set/vec4 8;
    %jmp/0 T_21.2, 8;
    %load/vec4 v0x561cb15ab8e0_0;
    %load/vec4 v0x561cb15abbc0_0;
    %add;
    %jmp/1 T_21.3, 8;
T_21.2 ; End of true expr.
    %load/vec4 v0x561cb15ab8e0_0;
    %jmp/0 T_21.3, 8;
 ; End of false expr.
    %blend;
T_21.3;
    %assign/vec4 v0x561cb15ab8e0_0, 0;
    %load/vec4 v0x561cb15ab820_0;
    %assign/vec4 v0x561cb15ab9a0_0, 0;
    %load/vec4 v0x561cb15abca0_0;
    %assign/vec4 v0x561cb15ab650_0, 0;
T_21.1 ;
    %jmp T_21;
    .thread T_21;
    .scope S_0x561cb15abe90;
T_22 ;
    %wait E_0x561cb14ed9d0;
    %load/vec4 v0x561cb15aca00_0;
    %nor/r;
    %flag_set/vec4 8;
    %jmp/0xz  T_22.0, 8;
    %pushi/vec4 0, 0, 16;
    %assign/vec4 v0x561cb15ac860_0, 0;
    %pushi/vec4 0, 0, 8;
    %assign/vec4 v0x561cb15ac920_0, 0;
    %pushi/vec4 0, 0, 8;
    %assign/vec4 v0x561cb15ac5d0_0, 0;
    %jmp T_22.1;
T_22.0 ;
    %load/vec4 v0x561cb15acaa0_0;
    %flag_set/vec4 8;
    %jmp/0 T_22.2, 8;
    %load/vec4 v0x561cb15ac860_0;
    %load/vec4 v0x561cb15acb40_0;
    %add;
    %jmp/1 T_22.3, 8;
T_22.2 ; End of true expr.
    %load/vec4 v0x561cb15ac860_0;
    %jmp/0 T_22.3, 8;
 ; End of false expr.
    %blend;
T_22.3;
    %assign/vec4 v0x561cb15ac860_0, 0;
    %load/vec4 v0x561cb15ac7a0_0;
    %assign/vec4 v0x561cb15ac920_0, 0;
    %load/vec4 v0x561cb15acc20_0;
    %assign/vec4 v0x561cb15ac5d0_0, 0;
T_22.1 ;
    %jmp T_22;
    .thread T_22;
    .scope S_0x561cb15acde0;
T_23 ;
    %wait E_0x561cb14ed9d0;
    %load/vec4 v0x561cb15ad9a0_0;
    %nor/r;
    %flag_set/vec4 8;
    %jmp/0xz  T_23.0, 8;
    %pushi/vec4 0, 0, 16;
    %assign/vec4 v0x561cb15ad800_0, 0;
    %pushi/vec4 0, 0, 8;
    %assign/vec4 v0x561cb15ad8c0_0, 0;
    %pushi/vec4 0, 0, 8;
    %assign/vec4 v0x561cb15ad570_0, 0;
    %jmp T_23.1;
T_23.0 ;
    %load/vec4 v0x561cb15ada40_0;
    %flag_set/vec4 8;
    %jmp/0 T_23.2, 8;
    %load/vec4 v0x561cb15ad800_0;
    %load/vec4 v0x561cb15adb10_0;
    %add;
    %jmp/1 T_23.3, 8;
T_23.2 ; End of true expr.
    %load/vec4 v0x561cb15ad800_0;
    %jmp/0 T_23.3, 8;
 ; End of false expr.
    %blend;
T_23.3;
    %assign/vec4 v0x561cb15ad800_0, 0;
    %load/vec4 v0x561cb15ad740_0;
    %assign/vec4 v0x561cb15ad8c0_0, 0;
    %load/vec4 v0x561cb15adbd0_0;
    %assign/vec4 v0x561cb15ad570_0, 0;
T_23.1 ;
    %jmp T_23;
    .thread T_23;
    .scope S_0x561cb159bf20;
T_24 ;
    %wait E_0x561cb14ed9d0;
    %load/vec4 v0x561cb159d920_0;
    %nor/r;
    %flag_set/vec4 8;
    %jmp/0xz  T_24.0, 8;
    %pushi/vec4 0, 0, 2;
    %assign/vec4 v0x561cb159d280_0, 0;
    %jmp T_24.1;
T_24.0 ;
    %load/vec4 v0x561cb159d780_0;
    %assign/vec4 v0x561cb159d280_0, 0;
T_24.1 ;
    %jmp T_24;
    .thread T_24;
    .scope S_0x561cb159bf20;
T_25 ;
    %wait E_0x561cb14ec6a0;
    %load/vec4 v0x561cb159d280_0;
    %dup/vec4;
    %pushi/vec4 0, 0, 2;
    %cmp/u;
    %jmp/1 T_25.0, 6;
    %dup/vec4;
    %pushi/vec4 1, 0, 2;
    %cmp/u;
    %jmp/1 T_25.1, 6;
    %dup/vec4;
    %pushi/vec4 2, 0, 2;
    %cmp/u;
    %jmp/1 T_25.2, 6;
    %dup/vec4;
    %pushi/vec4 3, 0, 2;
    %cmp/u;
    %jmp/1 T_25.3, 6;
    %pushi/vec4 0, 0, 2;
    %store/vec4 v0x561cb159d780_0, 0, 2;
    %jmp T_25.5;
T_25.0 ;
    %load/vec4 v0x561cb159d360_0;
    %flag_set/vec4 8;
    %jmp/0xz  T_25.6, 8;
    %pushi/vec4 1, 0, 2;
    %store/vec4 v0x561cb159d780_0, 0, 2;
T_25.6 ;
    %jmp T_25.5;
T_25.1 ;
    %load/vec4 v0x561cb159e120_0;
    %flag_set/vec4 8;
    %jmp/0xz  T_25.8, 8;
    %pushi/vec4 2, 0, 2;
    %store/vec4 v0x561cb159d780_0, 0, 2;
T_25.8 ;
    %jmp T_25.5;
T_25.2 ;
    %load/vec4 v0x561cb159cfe0_0;
    %pad/u 32;
    %cmpi/e 12, 0, 32;
    %jmp/0xz  T_25.10, 4;
    %pushi/vec4 3, 0, 2;
    %store/vec4 v0x561cb159d780_0, 0, 2;
T_25.10 ;
    %jmp T_25.5;
T_25.3 ;
    %pushi/vec4 1, 0, 34;
    %load/vec4 v0x561cb159d0c0_0;
    %pad/u 34;
    %cmp/u;
    %flag_get/vec4 5;
    %pushi/vec4 1, 0, 34;
    %load/vec4 v0x561cb159d1a0_0;
    %pad/u 34;
    %cmp/u;
    %flag_get/vec4 5;
    %or;
    %flag_set/vec4 8;
    %jmp/0xz  T_25.12, 8;
    %pushi/vec4 1, 0, 2;
    %store/vec4 v0x561cb159d780_0, 0, 2;
    %jmp T_25.13;
T_25.12 ;
    %pushi/vec4 3, 0, 2;
    %store/vec4 v0x561cb159d780_0, 0, 2;
T_25.13 ;
    %jmp T_25.5;
T_25.5 ;
    %pop/vec4 1;
    %jmp T_25;
    .thread T_25, $push;
    .scope S_0x561cb159bf20;
T_26 ;
    %wait E_0x561cb14ed9d0;
    %load/vec4 v0x561cb159d920_0;
    %nor/r;
    %flag_set/vec4 8;
    %jmp/0xz  T_26.0, 8;
    %pushi/vec4 0, 0, 5;
    %assign/vec4 v0x561cb159cd30_0, 0;
    %pushi/vec4 0, 0, 5;
    %assign/vec4 v0x561cb159cfe0_0, 0;
    %pushi/vec4 0, 0, 5;
    %assign/vec4 v0x561cb159cf00_0, 0;
    %pushi/vec4 0, 0, 5;
    %assign/vec4 v0x561cb159ce10_0, 0;
    %pushi/vec4 0, 0, 4;
    %assign/vec4 v0x561cb159d4e0_0, 0;
    %pushi/vec4 0, 0, 4;
    %assign/vec4 v0x561cb159d5c0_0, 0;
    %pushi/vec4 0, 0, 1;
    %assign/vec4 v0x561cb159d420_0, 0;
    %pushi/vec4 0, 0, 5;
    %assign/vec4 v0x561cb159d0c0_0, 0;
    %pushi/vec4 0, 0, 5;
    %assign/vec4 v0x561cb159d1a0_0, 0;
    %jmp T_26.1;
T_26.0 ;
    %load/vec4 v0x561cb159d780_0;
    %dup/vec4;
    %pushi/vec4 0, 0, 2;
    %cmp/u;
    %jmp/1 T_26.2, 6;
    %dup/vec4;
    %pushi/vec4 1, 0, 2;
    %cmp/u;
    %jmp/1 T_26.3, 6;
    %dup/vec4;
    %pushi/vec4 2, 0, 2;
    %cmp/u;
    %jmp/1 T_26.4, 6;
    %dup/vec4;
    %pushi/vec4 3, 0, 2;
    %cmp/u;
    %jmp/1 T_26.5, 6;
    %jmp T_26.6;
T_26.2 ;
    %pushi/vec4 0, 0, 5;
    %assign/vec4 v0x561cb159cd30_0, 0;
    %pushi/vec4 0, 0, 5;
    %assign/vec4 v0x561cb159cfe0_0, 0;
    %pushi/vec4 0, 0, 5;
    %assign/vec4 v0x561cb159cf00_0, 0;
    %pushi/vec4 0, 0, 5;
    %assign/vec4 v0x561cb159ce10_0, 0;
    %pushi/vec4 0, 0, 1;
    %assign/vec4 v0x561cb159e120_0, 0;
    %jmp T_26.6;
T_26.3 ;
    %load/vec4 v0x561cb159d0c0_0;
    %addi 1, 0, 5;
    %assign/vec4 v0x561cb159d0c0_0, 0;
    %load/vec4 v0x561cb159d1a0_0;
    %addi 1, 0, 5;
    %assign/vec4 v0x561cb159d1a0_0, 0;
    %pushi/vec4 1, 0, 1;
    %assign/vec4 v0x561cb159d860_0, 0;
    %load/vec4 v0x561cb159cf00_0;
    %addi 1, 0, 5;
    %assign/vec4 v0x561cb159cf00_0, 0;
    %load/vec4 v0x561cb159ce10_0;
    %addi 1, 0, 5;
    %assign/vec4 v0x561cb159ce10_0, 0;
    %load/vec4 v0x561cb159cf00_0;
    %pad/u 32;
    %cmpi/e 18, 0, 32;
    %flag_mov 8, 4;
    %jmp/0 T_26.7, 8;
    %pushi/vec4 1, 0, 2;
    %jmp/1 T_26.8, 8;
T_26.7 ; End of true expr.
    %pushi/vec4 0, 0, 2;
    %jmp/0 T_26.8, 8;
 ; End of false expr.
    %blend;
T_26.8;
    %pad/s 1;
    %assign/vec4 v0x561cb159e120_0, 0;
    %pushi/vec4 1, 0, 32;
    %load/vec4 v0x561cb159cf00_0;
    %pad/u 32;
    %cmp/u;
    %flag_get/vec4 4;
    %flag_get/vec4 5;
    %or;
    %load/vec4 v0x561cb159cf00_0;
    %pad/u 32;
    %cmpi/u 5, 0, 32;
    %flag_get/vec4 5;
    %and;
    %flag_set/vec4 8;
    %jmp/0 T_26.9, 8;
    %pushi/vec4 1, 0, 2;
    %jmp/1 T_26.10, 8;
T_26.9 ; End of true expr.
    %pushi/vec4 0, 0, 2;
    %jmp/0 T_26.10, 8;
 ; End of false expr.
    %blend;
T_26.10;
    %pad/s 1;
    %ix/load 4, 3, 0;
    %ix/load 5, 0, 0;
    %flag_set/imm 4, 0;
    %assign/vec4/off/d v0x561cb159d4e0_0, 4, 5;
    %pushi/vec4 5, 0, 32;
    %load/vec4 v0x561cb159cf00_0;
    %pad/u 32;
    %cmp/u;
    %flag_get/vec4 4;
    %flag_get/vec4 5;
    %or;
    %load/vec4 v0x561cb159cf00_0;
    %pad/u 32;
    %cmpi/u 9, 0, 32;
    %flag_get/vec4 5;
    %and;
    %flag_set/vec4 8;
    %jmp/0 T_26.11, 8;
    %pushi/vec4 1, 0, 2;
    %jmp/1 T_26.12, 8;
T_26.11 ; End of true expr.
    %pushi/vec4 0, 0, 2;
    %jmp/0 T_26.12, 8;
 ; End of false expr.
    %blend;
T_26.12;
    %pad/s 1;
    %ix/load 4, 2, 0;
    %ix/load 5, 0, 0;
    %flag_set/imm 4, 0;
    %assign/vec4/off/d v0x561cb159d4e0_0, 4, 5;
    %pushi/vec4 9, 0, 32;
    %load/vec4 v0x561cb159cf00_0;
    %pad/u 32;
    %cmp/u;
    %flag_get/vec4 4;
    %flag_get/vec4 5;
    %or;
    %load/vec4 v0x561cb159cf00_0;
    %pad/u 32;
    %cmpi/u 13, 0, 32;
    %flag_get/vec4 5;
    %and;
    %flag_set/vec4 8;
    %jmp/0 T_26.13, 8;
    %pushi/vec4 1, 0, 2;
    %jmp/1 T_26.14, 8;
T_26.13 ; End of true expr.
    %pushi/vec4 0, 0, 2;
    %jmp/0 T_26.14, 8;
 ; End of false expr.
    %blend;
T_26.14;
    %pad/s 1;
    %ix/load 4, 1, 0;
    %ix/load 5, 0, 0;
    %flag_set/imm 4, 0;
    %assign/vec4/off/d v0x561cb159d4e0_0, 4, 5;
    %pushi/vec4 13, 0, 32;
    %load/vec4 v0x561cb159cf00_0;
    %pad/u 32;
    %cmp/u;
    %flag_get/vec4 4;
    %flag_get/vec4 5;
    %or;
    %load/vec4 v0x561cb159cf00_0;
    %pad/u 32;
    %cmpi/u 17, 0, 32;
    %flag_get/vec4 5;
    %and;
    %flag_set/vec4 8;
    %jmp/0 T_26.15, 8;
    %pushi/vec4 1, 0, 2;
    %jmp/1 T_26.16, 8;
T_26.15 ; End of true expr.
    %pushi/vec4 0, 0, 2;
    %jmp/0 T_26.16, 8;
 ; End of false expr.
    %blend;
T_26.16;
    %pad/s 1;
    %ix/load 4, 0, 0;
    %ix/load 5, 0, 0;
    %flag_set/imm 4, 0;
    %assign/vec4/off/d v0x561cb159d4e0_0, 4, 5;
    %pushi/vec4 1, 0, 32;
    %load/vec4 v0x561cb159cf00_0;
    %pad/u 32;
    %cmp/u;
    %flag_get/vec4 4;
    %flag_get/vec4 5;
    %or;
    %load/vec4 v0x561cb159cf00_0;
    %pad/u 32;
    %cmpi/u 5, 0, 32;
    %flag_get/vec4 5;
    %and;
    %flag_set/vec4 8;
    %jmp/0 T_26.17, 8;
    %pushi/vec4 1, 0, 2;
    %jmp/1 T_26.18, 8;
T_26.17 ; End of true expr.
    %pushi/vec4 0, 0, 2;
    %jmp/0 T_26.18, 8;
 ; End of false expr.
    %blend;
T_26.18;
    %pad/s 1;
    %ix/load 4, 3, 0;
    %ix/load 5, 0, 0;
    %flag_set/imm 4, 0;
    %assign/vec4/off/d v0x561cb159d5c0_0, 4, 5;
    %pushi/vec4 5, 0, 32;
    %load/vec4 v0x561cb159cf00_0;
    %pad/u 32;
    %cmp/u;
    %flag_get/vec4 4;
    %flag_get/vec4 5;
    %or;
    %load/vec4 v0x561cb159cf00_0;
    %pad/u 32;
    %cmpi/u 9, 0, 32;
    %flag_get/vec4 5;
    %and;
    %flag_set/vec4 8;
    %jmp/0 T_26.19, 8;
    %pushi/vec4 1, 0, 2;
    %jmp/1 T_26.20, 8;
T_26.19 ; End of true expr.
    %pushi/vec4 0, 0, 2;
    %jmp/0 T_26.20, 8;
 ; End of false expr.
    %blend;
T_26.20;
    %pad/s 1;
    %ix/load 4, 2, 0;
    %ix/load 5, 0, 0;
    %flag_set/imm 4, 0;
    %assign/vec4/off/d v0x561cb159d5c0_0, 4, 5;
    %pushi/vec4 9, 0, 32;
    %load/vec4 v0x561cb159cf00_0;
    %pad/u 32;
    %cmp/u;
    %flag_get/vec4 4;
    %flag_get/vec4 5;
    %or;
    %load/vec4 v0x561cb159cf00_0;
    %pad/u 32;
    %cmpi/u 13, 0, 32;
    %flag_get/vec4 5;
    %and;
    %flag_set/vec4 8;
    %jmp/0 T_26.21, 8;
    %pushi/vec4 1, 0, 2;
    %jmp/1 T_26.22, 8;
T_26.21 ; End of true expr.
    %pushi/vec4 0, 0, 2;
    %jmp/0 T_26.22, 8;
 ; End of false expr.
    %blend;
T_26.22;
    %pad/s 1;
    %ix/load 4, 1, 0;
    %ix/load 5, 0, 0;
    %flag_set/imm 4, 0;
    %assign/vec4/off/d v0x561cb159d5c0_0, 4, 5;
    %pushi/vec4 13, 0, 32;
    %load/vec4 v0x561cb159cf00_0;
    %pad/u 32;
    %cmp/u;
    %flag_get/vec4 4;
    %flag_get/vec4 5;
    %or;
    %load/vec4 v0x561cb159cf00_0;
    %pad/u 32;
    %cmpi/u 17, 0, 32;
    %flag_get/vec4 5;
    %and;
    %flag_set/vec4 8;
    %jmp/0 T_26.23, 8;
    %pushi/vec4 1, 0, 2;
    %jmp/1 T_26.24, 8;
T_26.23 ; End of true expr.
    %pushi/vec4 0, 0, 2;
    %jmp/0 T_26.24, 8;
 ; End of false expr.
    %blend;
T_26.24;
    %pad/s 1;
    %ix/load 4, 0, 0;
    %ix/load 5, 0, 0;
    %flag_set/imm 4, 0;
    %assign/vec4/off/d v0x561cb159d5c0_0, 4, 5;
    %jmp T_26.6;
T_26.4 ;
    %load/vec4 v0x561cb159cd30_0;
    %addi 1, 0, 5;
    %assign/vec4 v0x561cb159cd30_0, 0;
    %load/vec4 v0x561cb159cfe0_0;
    %addi 1, 0, 5;
    %assign/vec4 v0x561cb159cfe0_0, 0;
    %pushi/vec4 1, 0, 1;
    %ix/load 4, 3, 0;
    %ix/load 5, 0, 0;
    %flag_set/imm 4, 0;
    %assign/vec4/off/d v0x561cb159d4e0_0, 4, 5;
    %pushi/vec4 1, 0, 32;
    %load/vec4 v0x561cb159cd30_0;
    %pad/u 32;
    %cmp/u;
    %flag_get/vec4 4;
    %flag_get/vec4 5;
    %or;
    %ix/load 4, 2, 0;
    %ix/load 5, 0, 0;
    %flag_set/imm 4, 0;
    %assign/vec4/off/d v0x561cb159d4e0_0, 4, 5;
    %pushi/vec4 2, 0, 32;
    %load/vec4 v0x561cb159cd30_0;
    %pad/u 32;
    %cmp/u;
    %flag_get/vec4 4;
    %flag_get/vec4 5;
    %or;
    %ix/load 4, 1, 0;
    %ix/load 5, 0, 0;
    %flag_set/imm 4, 0;
    %assign/vec4/off/d v0x561cb159d4e0_0, 4, 5;
    %pushi/vec4 3, 0, 32;
    %load/vec4 v0x561cb159cd30_0;
    %pad/u 32;
    %cmp/u;
    %flag_get/vec4 4;
    %flag_get/vec4 5;
    %or;
    %ix/load 4, 0, 0;
    %ix/load 5, 0, 0;
    %flag_set/imm 4, 0;
    %assign/vec4/off/d v0x561cb159d4e0_0, 4, 5;
    %pushi/vec4 1, 0, 1;
    %ix/load 4, 3, 0;
    %ix/load 5, 0, 0;
    %flag_set/imm 4, 0;
    %assign/vec4/off/d v0x561cb159d5c0_0, 4, 5;
    %pushi/vec4 1, 0, 32;
    %load/vec4 v0x561cb159cd30_0;
    %pad/u 32;
    %cmp/u;
    %flag_get/vec4 4;
    %flag_get/vec4 5;
    %or;
    %ix/load 4, 2, 0;
    %ix/load 5, 0, 0;
    %flag_set/imm 4, 0;
    %assign/vec4/off/d v0x561cb159d5c0_0, 4, 5;
    %pushi/vec4 2, 0, 32;
    %load/vec4 v0x561cb159cd30_0;
    %pad/u 32;
    %cmp/u;
    %flag_get/vec4 4;
    %flag_get/vec4 5;
    %or;
    %ix/load 4, 1, 0;
    %ix/load 5, 0, 0;
    %flag_set/imm 4, 0;
    %assign/vec4/off/d v0x561cb159d5c0_0, 4, 5;
    %pushi/vec4 3, 0, 32;
    %load/vec4 v0x561cb159cd30_0;
    %pad/u 32;
    %cmp/u;
    %flag_get/vec4 4;
    %flag_get/vec4 5;
    %or;
    %ix/load 4, 0, 0;
    %ix/load 5, 0, 0;
    %flag_set/imm 4, 0;
    %assign/vec4/off/d v0x561cb159d5c0_0, 4, 5;
    %pushi/vec4 0, 0, 1;
    %assign/vec4 v0x561cb159d860_0, 0;
    %pushi/vec4 1, 0, 32;
    %load/vec4 v0x561cb159cd30_0;
    %pad/u 32;
    %cmp/u;
    %flag_get/vec4 4;
    %flag_get/vec4 5;
    %or;
    %load/vec4 v0x561cb159cd30_0;
    %pad/u 32;
    %cmpi/u 4, 0, 32;
    %flag_get/vec4 4;
    %flag_get/vec4 5;
    %or;
    %and;
    %flag_set/vec4 8;
    %jmp/0 T_26.25, 8;
    %pushi/vec4 1, 0, 2;
    %jmp/1 T_26.26, 8;
T_26.25 ; End of true expr.
    %pushi/vec4 0, 0, 2;
    %jmp/0 T_26.26, 8;
 ; End of false expr.
    %blend;
T_26.26;
    %pad/s 1;
    %assign/vec4 v0x561cb159dad0_0, 0;
    %pushi/vec4 2, 0, 32;
    %load/vec4 v0x561cb159cd30_0;
    %pad/u 32;
    %cmp/u;
    %flag_get/vec4 4;
    %flag_get/vec4 5;
    %or;
    %load/vec4 v0x561cb159cd30_0;
    %pad/u 32;
    %cmpi/u 5, 0, 32;
    %flag_get/vec4 4;
    %flag_get/vec4 5;
    %or;
    %and;
    %flag_set/vec4 8;
    %jmp/0 T_26.27, 8;
    %pushi/vec4 1, 0, 2;
    %jmp/1 T_26.28, 8;
T_26.27 ; End of true expr.
    %pushi/vec4 0, 0, 2;
    %jmp/0 T_26.28, 8;
 ; End of false expr.
    %blend;
T_26.28;
    %pad/s 1;
    %assign/vec4 v0x561cb159dca0_0, 0;
    %pushi/vec4 3, 0, 32;
    %load/vec4 v0x561cb159cd30_0;
    %pad/u 32;
    %cmp/u;
    %flag_get/vec4 4;
    %flag_get/vec4 5;
    %or;
    %load/vec4 v0x561cb159cd30_0;
    %pad/u 32;
    %cmpi/u 6, 0, 32;
    %flag_get/vec4 4;
    %flag_get/vec4 5;
    %or;
    %and;
    %flag_set/vec4 8;
    %jmp/0 T_26.29, 8;
    %pushi/vec4 1, 0, 2;
    %jmp/1 T_26.30, 8;
T_26.29 ; End of true expr.
    %pushi/vec4 0, 0, 2;
    %jmp/0 T_26.30, 8;
 ; End of false expr.
    %blend;
T_26.30;
    %pad/s 1;
    %assign/vec4 v0x561cb159dd60_0, 0;
    %pushi/vec4 4, 0, 32;
    %load/vec4 v0x561cb159cd30_0;
    %pad/u 32;
    %cmp/u;
    %flag_get/vec4 4;
    %flag_get/vec4 5;
    %or;
    %load/vec4 v0x561cb159cd30_0;
    %pad/u 32;
    %cmpi/u 7, 0, 32;
    %flag_get/vec4 4;
    %flag_get/vec4 5;
    %or;
    %and;
    %flag_set/vec4 8;
    %jmp/0 T_26.31, 8;
    %pushi/vec4 1, 0, 2;
    %jmp/1 T_26.32, 8;
T_26.31 ; End of true expr.
    %pushi/vec4 0, 0, 2;
    %jmp/0 T_26.32, 8;
 ; End of false expr.
    %blend;
T_26.32;
    %pad/s 1;
    %assign/vec4 v0x561cb159de20_0, 0;
    %pushi/vec4 5, 0, 32;
    %load/vec4 v0x561cb159cd30_0;
    %pad/u 32;
    %cmp/u;
    %flag_get/vec4 4;
    %flag_get/vec4 5;
    %or;
    %load/vec4 v0x561cb159cd30_0;
    %pad/u 32;
    %cmpi/u 8, 0, 32;
    %flag_get/vec4 4;
    %flag_get/vec4 5;
    %or;
    %and;
    %flag_set/vec4 8;
    %jmp/0 T_26.33, 8;
    %pushi/vec4 1, 0, 2;
    %jmp/1 T_26.34, 8;
T_26.33 ; End of true expr.
    %pushi/vec4 0, 0, 2;
    %jmp/0 T_26.34, 8;
 ; End of false expr.
    %blend;
T_26.34;
    %pad/s 1;
    %assign/vec4 v0x561cb159dee0_0, 0;
    %pushi/vec4 6, 0, 32;
    %load/vec4 v0x561cb159cd30_0;
    %pad/u 32;
    %cmp/u;
    %flag_get/vec4 4;
    %flag_get/vec4 5;
    %or;
    %load/vec4 v0x561cb159cd30_0;
    %pad/u 32;
    %cmpi/u 9, 0, 32;
    %flag_get/vec4 4;
    %flag_get/vec4 5;
    %or;
    %and;
    %flag_set/vec4 8;
    %jmp/0 T_26.35, 8;
    %pushi/vec4 1, 0, 2;
    %jmp/1 T_26.36, 8;
T_26.35 ; End of true expr.
    %pushi/vec4 0, 0, 2;
    %jmp/0 T_26.36, 8;
 ; End of false expr.
    %blend;
T_26.36;
    %pad/s 1;
    %assign/vec4 v0x561cb159dfa0_0, 0;
    %pushi/vec4 7, 0, 32;
    %load/vec4 v0x561cb159cd30_0;
    %pad/u 32;
    %cmp/u;
    %flag_get/vec4 4;
    %flag_get/vec4 5;
    %or;
    %load/vec4 v0x561cb159cd30_0;
    %pad/u 32;
    %cmpi/u 10, 0, 32;
    %flag_get/vec4 4;
    %flag_get/vec4 5;
    %or;
    %and;
    %flag_set/vec4 8;
    %jmp/0 T_26.37, 8;
    %pushi/vec4 1, 0, 2;
    %jmp/1 T_26.38, 8;
T_26.37 ; End of true expr.
    %pushi/vec4 0, 0, 2;
    %jmp/0 T_26.38, 8;
 ; End of false expr.
    %blend;
T_26.38;
    %pad/s 1;
    %assign/vec4 v0x561cb159e060_0, 0;
    %jmp T_26.6;
T_26.5 ;
    %pushi/vec4 0, 0, 5;
    %assign/vec4 v0x561cb159cd30_0, 0;
    %pushi/vec4 0, 0, 5;
    %assign/vec4 v0x561cb159cfe0_0, 0;
    %pushi/vec4 1, 0, 1;
    %assign/vec4 v0x561cb159d420_0, 0;
    %jmp T_26.6;
T_26.6 ;
    %pop/vec4 1;
T_26.1 ;
    %jmp T_26;
    .thread T_26;
    .scope S_0x561cb14cac00;
T_27 ;
    %vpi_call 2 25 "$dumpfile", "syntolic.VCD" {0 0 0};
    %vpi_call 2 26 "$dumpvars", 32'sb00000000000000000000000000000000, S_0x561cb14cac00 {0 0 0};
    %end;
    .thread T_27;
    .scope S_0x561cb14cac00;
T_28 ;
    %delay 5, 0;
    %load/vec4 v0x561cb15b2450_0;
    %inv;
    %store/vec4 v0x561cb15b2450_0, 0, 1;
    %jmp T_28;
    .thread T_28;
    .scope S_0x561cb14cac00;
T_29 ;
    %pushi/vec4 0, 0, 1;
    %store/vec4 v0x561cb15b2450_0, 0, 1;
    %pushi/vec4 0, 0, 1;
    %store/vec4 v0x561cb15b2ff0_0, 0, 1;
    %delay 10, 0;
    %pushi/vec4 1, 0, 1;
    %store/vec4 v0x561cb15b2ff0_0, 0, 1;
    %delay 40, 0;
    %pushi/vec4 1, 0, 1;
    %store/vec4 v0x561cb15b2630_0, 0, 1;
    %delay 10, 0;
    %pushi/vec4 0, 0, 1;
    %store/vec4 v0x561cb15b2630_0, 0, 1;
    %end;
    .thread T_29;
    .scope S_0x561cb14cac00;
T_30 ;
    %vpi_call 2 40 "$readmemb", "matrix_bin_A.txt", v0x561cb15b29f0 {0 0 0};
    %end;
    .thread T_30;
    .scope S_0x561cb14cac00;
T_31 ;
    %vpi_call 2 43 "$readmemb", "matrix_bin_B.txt", v0x561cb15b2ab0 {0 0 0};
    %end;
    .thread T_31;
    .scope S_0x561cb14cac00;
T_32 ;
    %delay 1000, 0;
    %vpi_call 2 46 "$finish" {0 0 0};
    %end;
    .thread T_32;
    .scope S_0x561cb14cac00;
T_33 ;
    %wait E_0x561cb14ed9d0;
    %load/vec4 v0x561cb15b2ff0_0;
    %nor/r;
    %flag_set/vec4 8;
    %jmp/0xz  T_33.0, 8;
    %pushi/vec4 0, 0, 5;
    %assign/vec4 v0x561cb15b23b0_0, 0;
    %pushi/vec4 0, 0, 1;
    %assign/vec4 v0x561cb15b2f30_0, 0;
    %jmp T_33.1;
T_33.0 ;
    %load/vec4 v0x561cb15b2c30_0;
    %assign/vec4 v0x561cb15b2f30_0, 0;
    %load/vec4 v0x561cb15b3090_0;
    %flag_set/vec4 8;
    %load/vec4 v0x561cb15b23b0_0;
    %pad/u 32;
    %cmpi/e 16, 0, 32;
    %flag_or 4, 8;
    %jmp/0xz  T_33.2, 4;
    %pushi/vec4 0, 0, 5;
    %assign/vec4 v0x561cb15b23b0_0, 0;
    %jmp T_33.3;
T_33.2 ;
    %load/vec4 v0x561cb15b2c30_0;
    %flag_set/vec4 8;
    %jmp/0xz  T_33.4, 8;
    %load/vec4 v0x561cb15b23b0_0;
    %addi 1, 0, 5;
    %assign/vec4 v0x561cb15b23b0_0, 0;
    %jmp T_33.5;
T_33.4 ;
    %load/vec4 v0x561cb15b23b0_0;
    %assign/vec4 v0x561cb15b23b0_0, 0;
T_33.5 ;
T_33.3 ;
T_33.1 ;
    %jmp T_33;
    .thread T_33;
    .scope S_0x561cb14cac00;
T_34 ;
T_34.0 ;
    %load/vec4 v0x561cb15b26d0_0;
    %cmpi/ne 1, 0, 1;
    %jmp/0xz T_34.1, 6;
    %wait E_0x561cb14ed060;
    %jmp T_34.0;
T_34.1 ;
    %load/vec4 v0x561cb159ed50_0;
    %pad/u 8;
    %ix/load 4, 0, 0;
    %flag_set/imm 4, 0;
    %store/vec4a v0x561cb15b2b70, 4, 0;
    %load/vec4 v0x561cb159fc10_0;
    %pad/u 8;
    %ix/load 4, 1, 0;
    %flag_set/imm 4, 0;
    %store/vec4a v0x561cb15b2b70, 4, 0;
    %load/vec4 v0x561cb15a0ad0_0;
    %pad/u 8;
    %ix/load 4, 2, 0;
    %flag_set/imm 4, 0;
    %store/vec4a v0x561cb15b2b70, 4, 0;
    %load/vec4 v0x561cb15a1a60_0;
    %pad/u 8;
    %ix/load 4, 3, 0;
    %flag_set/imm 4, 0;
    %store/vec4a v0x561cb15b2b70, 4, 0;
    %load/vec4 v0x561cb15a29f0_0;
    %pad/u 8;
    %ix/load 4, 4, 0;
    %flag_set/imm 4, 0;
    %store/vec4a v0x561cb15b2b70, 4, 0;
    %load/vec4 v0x561cb15a3990_0;
    %pad/u 8;
    %ix/load 4, 5, 0;
    %flag_set/imm 4, 0;
    %store/vec4a v0x561cb15b2b70, 4, 0;
    %load/vec4 v0x561cb15a4930_0;
    %pad/u 8;
    %ix/load 4, 6, 0;
    %flag_set/imm 4, 0;
    %store/vec4a v0x561cb15b2b70, 4, 0;
    %load/vec4 v0x561cb15a5950_0;
    %pad/u 8;
    %ix/load 4, 7, 0;
    %flag_set/imm 4, 0;
    %store/vec4a v0x561cb15b2b70, 4, 0;
    %load/vec4 v0x561cb15a6af0_0;
    %pad/u 8;
    %ix/load 4, 8, 0;
    %flag_set/imm 4, 0;
    %store/vec4a v0x561cb15b2b70, 4, 0;
    %load/vec4 v0x561cb15a7a70_0;
    %pad/u 8;
    %ix/load 4, 9, 0;
    %flag_set/imm 4, 0;
    %store/vec4a v0x561cb15b2b70, 4, 0;
    %load/vec4 v0x561cb15a89f0_0;
    %pad/u 8;
    %ix/load 4, 10, 0;
    %flag_set/imm 4, 0;
    %store/vec4a v0x561cb15b2b70, 4, 0;
    %load/vec4 v0x561cb15a9990_0;
    %pad/u 8;
    %ix/load 4, 11, 0;
    %flag_set/imm 4, 0;
    %store/vec4a v0x561cb15b2b70, 4, 0;
    %load/vec4 v0x561cb15aa920_0;
    %pad/u 8;
    %ix/load 4, 12, 0;
    %flag_set/imm 4, 0;
    %store/vec4a v0x561cb15b2b70, 4, 0;
    %load/vec4 v0x561cb15ab8e0_0;
    %pad/u 8;
    %ix/load 4, 13, 0;
    %flag_set/imm 4, 0;
    %store/vec4a v0x561cb15b2b70, 4, 0;
    %load/vec4 v0x561cb15ac860_0;
    %pad/u 8;
    %ix/load 4, 14, 0;
    %flag_set/imm 4, 0;
    %store/vec4a v0x561cb15b2b70, 4, 0;
    %load/vec4 v0x561cb15ad800_0;
    %pad/u 8;
    %ix/load 4, 15, 0;
    %flag_set/imm 4, 0;
    %store/vec4a v0x561cb15b2b70, 4, 0;
    %vpi_func 2 108 "$fopen" 32, "output_matrix.txt", "w" {0 0 0};
    %store/vec4 v0x561cb15b2770_0, 0, 32;
    %pushi/vec4 0, 0, 32;
    %store/vec4 v0x561cb15b2830_0, 0, 32;
T_34.2 ;
    %load/vec4 v0x561cb15b2830_0;
    %cmpi/s 4, 0, 32;
    %jmp/0xz T_34.3, 5;
    %pushi/vec4 0, 0, 32;
    %store/vec4 v0x561cb15b2910_0, 0, 32;
T_34.4 ;
    %load/vec4 v0x561cb15b2910_0;
    %cmpi/s 4, 0, 32;
    %jmp/0xz T_34.5, 5;
    %load/vec4 v0x561cb15b2830_0;
    %pad/s 65;
    %muli 4, 0, 65;
    %load/vec4 v0x561cb15b2910_0;
    %pad/s 65;
    %add;
    %ix/vec4/s 4;
    %load/vec4a v0x561cb15b2b70, 4;
    %vpi_call 2 111 "$fwrite", v0x561cb15b2770_0, "%0d ", S<0,vec4,u8> {1 0 0};
    %load/vec4 v0x561cb15b2910_0;
    %addi 1, 0, 32;
    %store/vec4 v0x561cb15b2910_0, 0, 32;
    %jmp T_34.4;
T_34.5 ;
    %vpi_call 2 113 "$fwrite", v0x561cb15b2770_0, "\012" {0 0 0};
    %load/vec4 v0x561cb15b2830_0;
    %addi 1, 0, 32;
    %store/vec4 v0x561cb15b2830_0, 0, 32;
    %jmp T_34.2;
T_34.3 ;
    %vpi_call 2 115 "$fclose", v0x561cb15b2770_0 {0 0 0};
    %end;
    .thread T_34;
# The file index is used to find the file name in the following table.
:file_names 7;
    "N/A";
    "<interactive>";
    "tb.v";
    "TOP.v";
    "buffer.v";
    "control.v";
    "PE.v";
